idx,ID,Name,Stat,Mo1,Mo2,Da1,Da2,MoPdg,DaPdg,pt,eta,phi,px,py,pz,m,vx,vy,vz
   2,    1,         d,21,   6,   6,   4,   5,   1,-556,0.00000000,24198.24023438,0.00000000,0.00000000,0.00000000,1442.24023438,0.00000000,0.09076725,0.16920033,3.66483998
   3,   -1,      dbar,21,   7,   7,   4,   5,  21,-556,0.00000000,-22935.62695312,0.00000000,0.00000000,0.00000000,-179.62695312,0.00000000,0.09076725,0.16920033,3.66483998
   4, -556,     P-556,22,   2,   3,   8,   8,   1,-556,165.50794983,2.78004074,-1.43651247,22.15831175,-164.01795840,1328.83367727,200.00006104,0.09076725,0.16920033,3.66483998
   5,  556,      P556,22,   2,   3,   9,   9,   1, 556,165.50794983,-0.39013317,1.70508015,-22.15830653,164.01795910,-66.22062319,199.99945068,0.09076725,0.16920033,3.66483998
 121,  -11,        e+,23,  90,  90, 123, 124,-556, -11,19.25448036,0.33786908,-2.36638927,-13.75306543,-13.47546679,6.62997491,0.00051100,0.09077214,0.16917571,3.66503239
 122,   23,        Z0,22,  90,  90, 125, 125,-556,  23,151.74360657,2.79082489,-1.26843321,45.18574805,-144.85982986,1231.63341861,91.18759918,0.09077214,0.16917571,3.66503239
 126,   11,        e-,23,  91,  91, 128, 129, 556,  11,231.39401245,-0.05966122,1.51953292,11.85685087,231.09003459,-13.81343973,0.00051102,0.09069216,0.17021856,3.66480660
 127,   23,        Z0,22,  91,  91, 130, 130, 556,  23,48.91548920,0.10326812,2.27450848,-31.65088716,37.29539416,5.06039390,91.18759918,0.09069216,0.17021856,3.66480660
 131,   11,        e-, 1, 125, 125,  -1,  -1,  23,   0,143.23970032,2.45000362,-1.35700798,30.39023832,-139.97873111,823.77835201,0.00051168,0.09077214,0.16917571,3.66503239
 132,  -11,        e+, 1, 125, 125,  -1,  -1,  23,   0,15.56881714,3.95879531,-0.31778660,14.78927639,-4.86470668,407.70904524,0.00051108,0.09077214,0.16917571,3.66503239
 133,   11,        e-,23, 130, 130, 137, 137,  23,  11,49.36844254,-0.48467895,1.48212147,4.37200475,49.17447196,-24.87574026,0.00051100,0.09069216,0.17021856,3.66480660
 134,  -11,        e+,23, 130, 130, 135, 136,  23, -11,37.93100739,0.72423303,-2.82305717,-36.02289145,-11.87908301,29.93613628,0.00051100,0.09069216,0.17021856,3.66480660
idx,ID,Name,Stat,Mo1,Mo2,Da1,Da2,MoPdg,DaPdg,pt,eta,phi,px,py,pz,m,vx,vy,vz
   2,    1,         d,21,   6,   6,   4,   5,   1,-556,0.00000000,23916.28125000,0.00000000,0.00000000,0.00000000,1160.28125000,0.00000000,0.09054878,0.16914594,1.60590804
   3,   -1,      dbar,21,   7,   7,   4,   5,  -1,-556,0.00000000,-22924.60156250,0.00000000,0.00000000,0.00000000,-168.60156250,0.00000000,0.09054878,0.16914594,1.60590804
   4, -556,     P-556,22,   2,   3,   8,   8,   1,-556,209.42526245,2.26543140,3.00166512,-207.37836196,29.20882648,998.06793696,199.99995422,0.09054878,0.16914594,1.60590804
   5,  556,      P556,22,   2,   3,   9,   9,   1, 556,209.42526245,-0.03049624,-0.13992757,207.37836115,-29.20883225,-6.38767300,199.99864197,0.09054878,0.16914594,1.60590804
 769,  -11,        e+, 1, 604, 604,  -1,  -1,-556,   0,42.44644165,2.51108599,1.25799215,13.06195634,40.38670209,259.71110604,0.00051093,0.08924829,0.16929455,1.61218524
 770,   23,        Z0,22, 604, 604, 779, 780,-556,  11,216.67706299,1.91562796,-3.06214786,-215.99364652,-17.19576369,719.79607879,91.18759918,0.08924829,0.16929455,1.61218524
 771,   11,        e-,23, 605, 605, 773, 774, 556,  11,49.15110016,-0.13428953,1.43913341,6.45269660,48.72569500,-6.62033466,0.00051100,0.09366713,0.16852757,1.60598862
 772,   23,        Z0,22, 605, 605, 775, 775, 556,  23,237.30215454,0.05232919,-0.40395716,218.20236774,-93.27400100,12.42349859,91.18759918,0.09366713,0.16852757,1.60598862
 779,   11,        e-,23, 770, 770, 781, 782,  23,  11,191.40675354,1.71419227,3.10268092,-191.26186515,7.44608892,514.12618638,0.00051111,0.08924829,0.16929455,1.61218524
 780,  -11,        e+,23, 770, 770, 783, 783,  23, -11,34.91245651,2.47370315,-2.35801673,-24.73177905,-24.64180847,205.66991066,0.00051100,0.08924829,0.16929455,1.61218524
 787,   13,       mu-,23, 775, 775, 789, 790,  23,  13,173.28005981,-0.01536938,-0.63925606,139.06414687,-103.37863505,-2.66331256,0.10566000,0.09366713,0.16852757,1.60598862
 788,  -13,       mu+,23, 775, 775, 791, 791,  23, -13,79.60573578,0.18822910,0.12860787,78.94830389,10.20972486,15.07275448,0.10566000,0.09366713,0.16852757,1.60598862
idx,ID,Name,Stat,Mo1,Mo2,Da1,Da2,MoPdg,DaPdg,pt,eta,phi,px,py,pz,m,vx,vy,vz
   2,    2,         u,21,   6,   6,   4,   5,   2,-556,0.00000000,25741.73046875,0.00000000,0.00000000,0.00000000,2985.73046875,0.00000000,0.09102426,0.16753760,4.23332262
   3,   -2,      ubar,21,   7,   7,   4,   5,  -2,-556,0.00000000,-22834.51757812,0.00000000,0.00000000,0.00000000,-78.51757812,0.00000000,0.09102426,0.16753760,4.23332262
   4, -556,     P-556,22,   2,   3,   8,   8,   2,-556,385.80233765,1.45099747,2.06754708,-183.86241151,339.17260704,777.97669197,200.00112915,0.09102426,0.16753760,4.23332262
   5,  556,      P556,22,   2,   3,   9,   9,   2, 556,385.80233765,2.40944934,-1.07404554,183.86242229,-339.17260120,2129.23674107,199.99986267,0.09102426,0.16753760,4.23332262
 419,  -11,        e+,23, 309, 309, 421, 422,-556, -11,282.65283203,1.51470304,1.97583783,-111.38129954,259.78227339,611.68854726,0.00051117,0.08950765,0.17022741,4.23973894
 420,   23,        Z0,22, 309, 309, 423, 423,-556,  23,104.74330139,1.31207097,2.38035917,-75.83265114,72.25349962,180.39913544,91.18759918,0.08950765,0.17022741,4.23973894
 424,   11,        e-,23, 310, 310, 426, 427, 556,  11,95.92195892,1.64826262,-0.70646614,72.96405735,-62.26771667,240.07143163,0.00051101,0.09154435,0.16647615,4.23952961
 425,   23,        Z0,22, 310, 310, 428, 428, 556,  23,318.57528687,2.47698092,-1.23514950,104.93231790,-300.79797549,1882.98236365,91.18759918,0.09154435,0.16647615,4.23952961
 431,   13,       mu-,23, 428, 428, 435, 435,  23,  13,294.51849365,2.37857413,-1.16725302,115.65137334,-270.86140911,1575.20637094,0.10566000,0.09154435,0.16647615,4.23952961
 432,  -13,       mu+,23, 428, 428, 433, 434,  23, -13,31.79774094,2.96578145,-1.91463172,-10.71903339,-29.93657715,307.77581912,0.10566000,0.09154435,0.16647615,4.23952961
idx,ID,Name,Stat,Mo1,Mo2,Da1,Da2,MoPdg,DaPdg,pt,eta,phi,px,py,pz,m,vx,vy,vz
   2,   -2,      ubar,21,   6,   6,   4,   5,  -2,-556,0.00000000,22937.20898438,0.00000000,0.00000000,0.00000000,181.20898438,0.00000000,0.09345094,0.16978011,-3.33268166
   3,    2,         u,21,   7,   7,   4,   5,   2,-556,0.00000000,-24716.30859375,0.00000000,0.00000000,0.00000000,-1960.30859375,0.00000000,0.09345094,0.16978011,-3.33268166
   4, -556,     P-556,22,   2,   3,   8,   8,  -2,-556,290.29534912,-0.09002686,-3.02810860,-288.42805107,-32.87322736,-26.16969422,200.00003052,0.09345094,0.16978011,-3.33268166
   5,  556,      P556,22,   2,   3,   9,   9,  -2, 556,290.29534912,-2.49807930,0.11348414,288.42804820,32.87325258,-1752.93027716,200.00006104,0.09345094,0.16978011,-3.33268166
1018,  -11,        e+,23, 788, 788,1020,1021,-556, -11,41.64243698,-0.23780593,-1.87760019,-12.57656973,-39.69788976,-9.99641965,0.00051100,0.09233230,0.17007180,-3.33283067
1019,   23,        Z0,22, 788, 788,1022,1022,-556,  23,340.86407471,-0.09941285,2.76421142,-316.87842514,125.60406485,-33.94211292,91.18759918,0.09233230,0.17007180,-3.33283067
1023,   11,        e-,23, 789, 789,1025,1026, 556,  11,30.78601265,-1.59462893,2.06884885,-14.70695719,27.04596060,-72.70912430,0.00051100,0.09743742,0.17045206,-3.35537624
1024,   23,        Z0,22, 789, 789,1027,1027, 556,  23,297.17129517,-2.34201145,0.06886072,296.46701035,20.44726008,-1531.32440602,91.18759918,0.09743742,0.17045206,-3.35537624
1031,   11,        e-, 1,1022,1022,  -1,  -1,  23,   0,60.80918503,-0.05885064,2.18209219,-34.90016268,49.79694397,-3.58072567,0.00051100,0.09233230,0.17007180,-3.33283067
1032,  -11,        e+, 1,1022,1022,  -1,  -1,  23,   0,291.99050903,-0.10379427,2.87896204,-281.97825829,75.80711850,-30.36138822,0.00051102,0.09233230,0.17007180,-3.33283067
1033,   13,       mu-, 1,1027,1027,  -1,  -1,  23,   0,96.34409332,-2.60196829,0.38788253,89.18688554,36.44013949,-646.28278346,0.10566000,0.09743742,0.17045206,-3.35537624
1034,  -13,       mu+, 1,1027,1027,  -1,  -1,  23,   0,207.89619446,-2.15526056,-0.07700331,207.28013774,-15.99287869,-885.04170691,0.10566000,0.09743742,0.17045206,-3.35537624
idx,ID,Name,Stat,Mo1,Mo2,Da1,Da2,MoPdg,DaPdg,pt,eta,phi,px,py,pz,m,vx,vy,vz
   2,    1,         d,21,   6,   6,   4,   5,   1,-556,0.00000000,22848.37695312,0.00000000,0.00000000,0.00000000,92.37695312,0.00000000,0.09298212,0.16950308,-0.11236687
   3,   -1,      dbar,21,   7,   7,   4,   5,  -1,-556,0.00000000,-24127.58984375,0.00000000,0.00000000,0.00000000,-1371.58984375,0.00000000,0.09298212,0.16950308,-0.11236687
   4, -556,     P-556,22,   2,   3,   8,   8,   1,-556,128.15837097,-2.92008996,2.58861017,-109.05788161,67.31230578,-1184.76176977,200.00009155,0.09298212,0.16950308,-0.11236687
   5,  556,      P556,22,   2,   3,   9,   9,   1, 556,128.15837097,-0.68270046,-0.55298245,109.05788375,-67.31230231,-94.45044862,199.99980164,0.09298212,0.16950308,-0.11236687
 409,  -11,        e+,23, 305, 305, 411, 412,-556, -11,63.04637527,-2.26177311,0.40589774,57.92375022,24.89346492,-299.34199837,0.00051101,0.09217615,0.17080739,-0.12772022
 410,   23,        Z0,22, 305, 305, 413, 413,-556,  23,143.11807251,-2.53566718,2.57514334,-120.76470790,76.80278644,-897.75406824,91.18759918,0.09217615,0.17080739,-0.12772022
 414,   11,        e-, 1, 306, 306,  -1,  -1, 556,   0,74.24930573,-0.96147543,-1.60491920,-2.53310764,-74.20608308,-82.90767793,0.00051101,0.09423117,0.16872858,-0.11344734
 415,   23,        Z0,22, 306, 306, 418, 419, 556,  11,115.47795868,-0.12717882,0.03654471,115.40085594,4.21916928,-14.72597293,91.18759918,0.09423117,0.16872858,-0.11344734
 416,   13,       mu-, 1, 413, 413,  -1,  -1,  23,   0,7.13137054,-3.98041630,-0.75829846,5.17742629,-4.90415159,-190.83775793,0.10566000,0.09217615,0.17080739,-0.12772022
 417,  -13,       mu+, 1, 413, 413,  -1,  -1,  23,   0,150.12475586,-2.25368142,2.56608558,-125.94212404,81.70693798,-706.91620581,0.10566000,0.09217615,0.17080739,-0.12772022
 418,   11,        e-,23, 415, 415, 420, 421,  23,  11,41.23065186,-0.25206465,-1.10548770,18.50013715,-36.84713799,-10.50319351,0.00051100,0.09423117,0.16872858,-0.11344734
 419,  -11,        e+,23, 415, 415, 422, 422,  23, -11,105.24348450,-0.04011315,0.40085191,96.90071900,41.06630840,-4.22277964,0.00051100,0.09423117,0.16872858,-0.11344734
idx,ID,Name,Stat,Mo1,Mo2,Da1,Da2,MoPdg,DaPdg,pt,eta,phi,px,py,pz,m,vx,vy,vz
   2,   -2,      ubar,21,   6,   6,   4,   5,  21,-556,0.00000000,22835.63476562,0.00000000,0.00000000,0.00000000,79.63476562,0.00000000,0.09158984,0.16982554,-1.07012951
   3,    2,         u,21,   7,   7,   4,   5,   2,-556,0.00000000,-23740.56054688,0.00000000,0.00000000,0.00000000,-984.56054688,0.00000000,0.09158984,0.16982554,-1.07012951
   4, -556,     P-556,22,   2,   3,   8,   8,  -2,-556,90.59004974,-2.85286736,-0.35294124,85.00608856,-31.31328824,-782.68646405,200.00001526,0.09158984,0.16982554,-1.07012951
   5,  556,      P556,22,   2,   3,   9,   9,  -2, 556,90.59004974,-1.10819125,2.78865147,-85.00609036,31.31328334,-122.23856121,200.00195312,0.09158984,0.16982554,-1.07012951
 452,  -11,        e+, 1, 355, 355,  -1,  -1,-556,   0,95.01158905,-2.51107240,-0.38428023,88.08225201,-35.61908104,-581.32611675,0.00051106,0.09213983,0.16979711,-1.07444775
 453,   23,        Z0,22, 355, 355, 456, 457,-556,  13,31.93651962,-2.44221544,1.27964425,9.16756973,30.59243290,-182.22209733,91.18759918,0.09213983,0.16979711,-1.07444775
 454,   11,        e-, 1, 356, 356,  -1,  -1, 556,   0,37.40945435,-1.53822660,-1.12755525,16.04377740,-33.79444453,-83.07823941,0.00051100,0.09145451,0.17022474,-1.07070529
 455,   23,        Z0,22, 356, 356, 458, 459, 556,  11,100.27314758,-0.03004983,1.94097722,-36.27722782,93.48083690,-3.01364498,91.18759918,0.09145451,0.17022474,-1.07070529
 456,   13,       mu-, 1, 453, 453,  -1,  -1,  23,   0,52.41567612,-1.74781263,2.02359247,-22.93089445,47.13360990,-145.92195356,0.10566000,0.09213983,0.16979711,-1.07444775
 457,  -13,       mu+, 1, 453, 453,  -1,  -1,  23,   0,36.10985947,-0.88509506,-0.47583321,32.09846412,-16.54117747,-36.30015461,0.10566000,0.09213983,0.16979711,-1.07444775
 458,   11,        e-, 1, 455, 455,  -1,  -1,  23,   0,19.11434746,1.22341073,3.12854552,-19.11272059,0.24938032,29.67058314,0.00051100,0.09145451,0.17022474,-1.07070529
 459,  -11,        e+, 1, 455, 455,  -1,  -1,  23,   0,94.79833221,-0.33828720,1.75286388,-17.16450289,93.23145194,-32.68422666,0.00051100,0.09145451,0.17022474,-1.07070529
idx,ID,Name,Stat,Mo1,Mo2,Da1,Da2,MoPdg,DaPdg,pt,eta,phi,px,py,pz,m,vx,vy,vz
   2,   -2,      ubar,21,   6,   6,   4,   5,  -2,-556,0.00000000,22770.54492188,0.00000000,0.00000000,0.00000000,14.54492188,0.00000000,0.09143251,0.16945201,0.77967888
   3,    2,         u,21,   7,   7,   4,   5,   2,-556,0.00000000,-26336.33398438,0.00000000,0.00000000,0.00000000,-3580.33398438,0.00000000,0.09143251,0.16945201,0.77967888
   4, -556,     P-556,22,   2,   3,   8,   8,  -2,-556,107.56940460,-3.39733744,-0.54080778,92.21850736,-55.37981316,-1605.52513705,199.99987793,0.09143251,0.16945201,0.77967888
   5,  556,      P556,22,   2,   3,   9,   9,  -2, 556,107.56940460,-3.59659696,2.60078478,-92.21850230,55.37982159,-1960.26328447,200.00001526,0.09143251,0.16945201,0.77967888
 274,  -11,        e+,23, 201, 201, 276, 277,-556, -11,120.37394714,-2.48566222,-0.13789773,119.23125715,-16.54673595,-717.77780334,0.00051094,0.09363565,0.16810179,0.74078453
 275,   23,        Z0,22, 201, 201, 278, 278,-556,  23,48.20471191,-3.68265867,-2.09999871,-24.33590746,-41.61079017,-957.50911514,91.18759918,0.09363565,0.16810179,0.74078453
 279,   11,        e-,23, 202, 202, 281, 282, 556,  11,125.15445709,-2.78258920,2.83348155,-119.26069527,37.95424474,-1007.42656358,0.00051077,0.09109063,0.16965334,0.77171856
 280,   23,        Z0,22, 202, 202, 283, 283, 556,  23,33.90025711,-4.12835550,0.42989239,30.81569317,14.12871142,-1051.91898141,91.18759918,0.09109063,0.16965334,0.77171856
 284,   13,       mu-,23, 278, 278, 286, 287,  23,  13,6.85642099,-0.54151577,1.52119553,0.33994451,6.84798851,-3.89699871,0.10566000,0.09363565,0.16810179,0.74078453
 285,  -13,       mu+,23, 278, 278, 288, 288,  23, -13,54.37969208,-3.55822539,-2.04178739,-24.67585437,-48.45877755,-953.61213111,0.10566000,0.09363565,0.16810179,0.74078453
idx,ID,Name,Stat,Mo1,Mo2,Da1,Da2,MoPdg,DaPdg,pt,eta,phi,px,py,pz,m,vx,vy,vz
   2,    1,         d,21,   6,   6,   4,   5,   1,-556,0.00000000,24266.14453125,0.00000000,0.00000000,0.00000000,1510.14453125,0.00000000,0.09109741,0.16970837,2.32930565
   3,   -1,      dbar,21,   7,   7,   4,   5,  -1,-556,0.00000000,-22821.33789062,0.00000000,0.00000000,0.00000000,-65.33789062,0.00000000,0.09109741,0.16970837,2.32930565
   4, -556,     P-556,22,   2,   3,   8,   8,   1,-556,54.89319992,3.86904883,-1.43774116,7.28229216,-54.40801061,1314.03145363,199.99996948,0.09109741,0.16970837,2.32930565
   5,  556,      P556,22,   2,   3,   9,   9,   1, 556,54.89319992,1.60262668,1.70385158,-7.28229692,54.40800997,130.77461358,200.00006104,0.09109741,0.16970837,2.32930565
 611,  -11,        e+, 1, 457, 457,  -1,  -1,-556,   0,8.00440788,5.50794554,-2.59787011,-6.85008302,-4.14088254,987.10290439,0.00051111,0.09111859,0.16964217,2.33098865
 612,   23,        Z0,22, 457, 457, 615, 616,-556,  15,53.51384735,2.54728055,-1.11526430,23.54289023,-48.05688482,339.65315236,91.18759918,0.09111859,0.16964217,2.33098865
 613,   11,        e-, 1, 458, 458,  -1,  -1, 556,   0,24.88979340,2.31625581,-0.84186280,16.57845791,-18.56492792,124.93436317,0.00051098,0.09098204,0.17013773,2.33052778
 614,   23,        Z0,22, 458, 458, 623, 624, 556,  13,69.92864990,0.05307071,1.99406099,-28.72243811,63.75764759,3.71290563,91.18759918,0.09098204,0.17013773,2.33052778
 615,   15,      tau-,23, 612, 612, 617, 618,  23,  15,56.36384964,1.61223745,-0.28110650,54.15151567,-15.63639653,135.68403133,1.77681994,0.09111859,0.16964217,2.33098865
 616,  -15,      tau+,23, 612, 612, 619, 619,  23, -15,44.58672333,2.22541714,-2.32745600,-30.60862573,-32.42048624,203.96912719,1.77681994,0.09111859,0.16964217,2.33098865
 623,   13,       mu-,23, 614, 614, 627, 627,  23,  13,54.47868347,-0.64979601,1.67426825,-5.62696058,54.18730725,-37.94434408,0.10566000,0.09098204,0.17013773,2.33052778
 624,  -13,       mu+,23, 614, 614, 625, 626,  23, -13,24.99984360,1.28360724,2.74874997,-23.09546975,9.57034258,41.65725131,0.10566000,0.09098204,0.17013773,2.33052778
idx,ID,Name,Stat,Mo1,Mo2,Da1,Da2,MoPdg,DaPdg,pt,eta,phi,px,py,pz,m,vx,vy,vz
   2,    1,         d,21,   6,   6,   4,   5,   1,-556,0.00000000,23356.46289062,0.00000000,0.00000000,0.00000000,600.46289062,0.00000000,0.09052493,0.16983259,2.68309617
   3,   -1,      dbar,21,   7,   7,   4,   5,  -1,-556,0.00000000,-22909.94140625,0.00000000,0.00000000,0.00000000,-153.94140625,0.00000000,0.09052493,0.16983259,2.68309617
   4, -556,     P-556,22,   2,   3,   8,   8,   1,-556,51.00819016,-0.91817498,0.11043396,50.69746689,5.62159357,-53.69805750,200.00000000,0.09052493,0.16983259,2.68309617
   5,  556,      P556,22,   2,   3,   9,   9,   1, 556,51.00819016,2.97880030,-3.03115869,-50.69746683,-5.62159405,500.22093354,200.00004578,0.09052493,0.16983259,2.68309617
 777,  -11,        e+,23, 588, 588, 779, 780,-556, -11,49.28501511,-1.15595174,-2.35680246,-34.87094968,-34.82857422,-70.53395041,0.00051100,0.09201336,0.16915621,2.68165517
 778,   23,        Z0,22, 588, 588, 781, 781,-556,  23,90.80590057,0.18473066,0.10640206,90.29236044,9.64371427,16.87020412,91.18759918,0.09201336,0.16915621,2.68165517
 782,   11,        e-, 1, 589, 589,  -1,  -1, 556,   0,76.15300751,0.95995849,-2.51072407,-61.49473247,-44.91857557,84.86031554,0.00051101,0.09019949,0.16974019,2.68674421
 783,   23,        Z0,22, 589, 589, 795, 796, 556,  11,36.60070801,3.11642885,1.08291876,17.15665999,32.33049404,412.14840613,91.18759918,0.09019949,0.16974019,2.68674421
 784,   11,        e-,23, 781, 781, 786, 787,  23,  11,47.55064392,0.97706276,0.22377364,46.36506286,10.55199903,54.21311880,0.00051100,0.09201336,0.16915621,2.68165517
 785,  -11,        e+,23, 781, 781, 788, 788,  23, -11,43.88997269,-0.77227432,-0.02097136,43.88032168,-0.92036477,-37.36622434,0.00051100,0.09201336,0.16915621,2.68165517
 795,   11,        e-,23, 783, 783, 799, 799,  23,  11,24.84209442,1.15221643,3.13808441,-24.84194155,0.08715190,35.39085332,0.00051100,0.09019949,0.16974019,2.68674421
 796,  -11,        e+,23, 783, 783, 797, 798,  23, -11,52.94823456,2.66033554,0.65474838,41.99860211,32.24333984,376.75745541,0.00051106,0.09019949,0.16974019,2.68674421
idx,ID,Name,Stat,Mo1,Mo2,Da1,Da2,MoPdg,DaPdg,pt,eta,phi,px,py,pz,m,vx,vy,vz
   2,    2,         u,21,   6,   6,   4,   5,   2,-556,0.00000000,24245.36523438,0.00000000,0.00000000,0.00000000,1489.36523438,0.00000000,0.09049463,0.16852710,0.53794611
   3,   -2,      ubar,21,   7,   7,   4,   5,  -2,-556,0.00000000,-22810.32421875,0.00000000,0.00000000,0.00000000,-54.32421875,0.00000000,0.09049463,0.16852710,0.53794611
   4, -556,     P-556,22,   2,   3,   8,   8,   2,-556,150.08265686,2.67645216,1.06649423,72.51942030,131.39915361,1085.44524282,199.99925232,0.09049463,0.16852710,0.53794611
   5,  556,      P556,22,   2,   3,   9,   9,   2, 556,150.08265686,1.58191955,-2.07509851,-72.51943178,-131.39914727,349.59533681,200.00044250,0.09049463,0.16852710,0.53794611
 264,  -11,        e+,23, 204, 204, 266, 267,-556, -11,107.46681213,2.69351912,1.32605851,26.03941983,104.26439625,790.73904323,0.00051123,0.09232005,0.17113386,0.56061453
 265,   23,        Z0,22, 204, 204, 268, 268,-556,  23,61.95862198,2.17781258,0.28986207,59.37391328,17.70901634,269.94404163,91.18759918,0.09232005,0.17113386,0.56061453
 269,   11,        e-, 1, 205, 205,  -1,  -1, 556,   0,110.42012024,1.10327506,-1.17013860,43.06650436,-101.67536160,148.08653697,0.00051102,0.09023961,0.16789375,0.53955114
 270,   23,        Z0,22, 205, 205, 276, 277, 556,  13,120.72741699,1.48413610,-2.65524220,-106.72841527,-56.42831370,252.58921531,91.18759918,0.09023961,0.16789375,0.53955114
 271,   11,        e-,23, 268, 268, 275, 275,  23,  11,32.96886826,0.56856585,-0.28466749,31.64203901,-9.25892225,19.77136154,0.00051100,0.09232005,0.17113386,0.56061453
 272,  -11,        e+,23, 268, 268, 273, 274,  23, -11,38.68237305,2.56583905,0.77143425,27.73183814,26.96796503,250.17276463,0.00051096,0.09232005,0.17113386,0.56061453
 276,   13,       mu-, 1, 270, 270,  -1,  -1,  23,   0,101.21083069,1.28306961,-2.23488569,-62.38051452,-79.70134037,168.54193438,0.10566000,0.09023961,0.16789375,0.53955114
 277,  -13,       mu+, 1, 270, 270,  -1,  -1,  23,   0,50.08362961,1.28968322,2.65831566,-44.34789783,23.27302973,84.04729104,0.10566000,0.09023961,0.16789375,0.53955114
