idx,ID,Name,Stat,Mo1,Mo2,Da1,Da2,MoPdg,DaPdg,pt,eta,phi,px,py,pz,m,vx,vy,vz
   2,    1,         d,21,   6,   6,   4,   5,   1,-556,0.00000000,22935.62695312,0.00000000,0.00000000,0.00000000,179.62695312,0.00000000,0.09076725,0.16920033,3.66483998
   3,   -1,      dbar,21,   7,   7,   4,   5,  -1,-556,0.00000000,-24198.24023438,0.00000000,0.00000000,0.00000000,-1442.24023438,0.00000000,0.09076725,0.16920033,3.66483998
   4, -556,     P-556,22,   2,   3,   8,   8,   1,-556,165.50794983,2.78004074,-1.43651247,22.15831175,-164.01795840,1328.83367727,200.00006104,0.09076725,0.16920033,3.66483998
   5,  556,      P556,22,   2,   3,   9,   9,   1, 556,165.50794983,-0.39013317,1.70508015,-22.15830653,164.01795910,-66.22062319,199.99945068,0.09076725,0.16920033,3.66483998
 129,  -11,        e+,23, 101, 101, 131, 132,-556, -11,20.04110527,-0.39348194,0.72793859,14.96163720,13.33399088,-8.09088493,0.00051100,0.09076725,0.16920033,3.66483998
 130,   23,        Z0,22, 101, 101, 133, 133,-556,  23,139.33419800,-2.94639063,1.35130847,30.33720708,135.99144311,-1322.60121283,91.18759918,0.09076725,0.16920033,3.66483998
 134,   11,        e-,23, 102, 102, 136, 137, 556,  11,162.29103088,0.32170656,-1.61384511,-6.98427372,-162.14067542,53.11534310,0.00051100,0.09076725,0.16920033,3.66483998
 135,   23,        Z0,22, 102, 102, 138, 138, 556,  23,34.45289230,0.41513065,-0.08068052,34.34082021,-2.77666258,14.71680415,91.18759918,0.09076725,0.16920033,3.66483998
 139,   11,        e-, 1, 133, 133,  -1,  -1,  23,   0,10.17357445,-4.45423603,0.19140440,9.98778497,1.93539880,-437.35587399,0.00051106,0.09076725,0.16920033,3.66483998
 140,  -11,        e+, 1, 133, 133,  -1,  -1,  23,   0,135.52026367,-2.57489467,1.42016006,20.33715047,133.98560436,-884.52532667,0.00051123,0.09076725,0.16920033,3.66483998
 141,   11,        e-,23, 138, 138, 145, 145,  23,  11,47.24650192,-0.41510299,0.65734947,37.40101793,28.86859543,-20.18026690,0.00051100,0.09076725,0.16920033,3.66483998
 142,  -11,        e+,23, 138, 138, 143, 144,  23, -11,31.79287910,0.94875711,-1.66719973,-3.06019658,-31.64525808,34.89707081,0.00051100,0.09076725,0.16920033,3.66483998
idx,ID,Name,Stat,Mo1,Mo2,Da1,Da2,MoPdg,DaPdg,pt,eta,phi,px,py,pz,m,vx,vy,vz
   2,    1,         d,21,   6,   6,   4,   5,   1,-556,0.00000000,22924.60156250,0.00000000,0.00000000,0.00000000,168.60156250,0.00000000,0.09054878,0.16914594,1.60590804
   3,   -1,      dbar,21,   7,   7,   4,   5,  -1,-556,0.00000000,-23916.28125000,0.00000000,0.00000000,0.00000000,-1160.28125000,0.00000000,0.09054878,0.16914594,1.60590804
   4, -556,     P-556,22,   2,   3,   8,   8,   1,-556,209.42526245,2.26543140,3.00166512,-207.37836196,29.20882648,998.06793696,199.99995422,0.09054878,0.16914594,1.60590804
   5,  556,      P556,22,   2,   3,   9,   9,   1, 556,209.42526245,-0.03049624,-0.13992757,207.37836115,-29.20883225,-6.38767300,199.99864197,0.09054878,0.16914594,1.60590804
 168,  -11,        e+, 1, 125, 125,  -1,  -1,-556,   0,42.06252670,-2.54110909,-1.73966420,-7.06929874,-41.46421551,-265.30860118,0.00051100,0.09054878,0.16914594,1.60590804
 169,   23,        Z0,22, 125, 125, 175, 176,-556,  15,233.70182800,-1.86451459,0.06036858,233.27610990,14.09967953,-735.90736113,91.18759918,0.09054878,0.16914594,1.60590804
 170,   11,        e-,23, 126, 126, 172, 173, 556,  11,51.43204498,0.15801790,-1.62890732,-2.98708553,-51.34522929,8.16104834,0.00051100,0.09054878,0.16914594,1.60590804
 171,   23,        Z0,22, 126, 126, 174, 174, 556,  23,217.12275696,-0.02217268,2.76121426,-201.60373720,80.61156701,-4.81458872,91.18759918,0.09054878,0.16914594,1.60590804
 175,   15,      tau-,23, 169, 169, 177, 178,  23,  15,169.69786072,-1.81003940,0.31106573,161.55370706,51.94000065,-504.60002576,1.77681994,0.09054878,0.16914594,1.60590804
 176,  -15,      tau+,23, 169, 169, 179, 179,  23, -15,81.09249878,-1.77070463,-0.48547846,71.72240533,-37.84032151,-231.30737466,1.77681994,0.09054878,0.16914594,1.60590804
 180,   11,        e-, 1, 174, 174,  -1,  -1,  23,   0,30.69062233,0.58549327,-2.67996836,-27.47824141,-13.66969451,19.01353852,0.00051100,0.09054878,0.16914594,1.60590804
 181,  -11,        e+, 1, 174, 174,  -1,  -1,  23,   0,198.01171875,-0.12004840,2.64533305,-174.12549802,94.28123727,-23.82812684,0.00051100,0.09054878,0.16914594,1.60590804
idx,ID,Name,Stat,Mo1,Mo2,Da1,Da2,MoPdg,DaPdg,pt,eta,phi,px,py,pz,m,vx,vy,vz
   2,   -2,      ubar,21,  21,  21,   4,   5,  -2,-556,0.00000000,24716.30859375,0.00000000,0.00000000,0.00000000,1960.30859375,0.00000000,0.09102426,0.16753760,4.23332262
   3,    2,         u,21,  22,  22,   4,   5,  21,-556,0.00000000,-22937.20898438,0.00000000,0.00000000,0.00000000,-181.20898438,0.00000000,0.09102426,0.16753760,4.23332262
   4, -556,     P-556,22,   2,   3,  23,  23,  -2,-556,290.29534912,-0.09002686,-3.02810860,-288.42805107,-32.87322736,-26.16969422,200.00003052,0.09102426,0.16753760,4.23332262
   5,  556,      P556,22,   2,   3,  24,  24,  -2, 556,290.29534912,-2.49807930,0.11348414,288.42804820,32.87325258,-1752.93027716,200.00006104,0.09102426,0.16753760,4.23332262
 290,  -11,        e+, 1, 218, 218,  -1,  -1,-556,   0,55.62160873,0.13547570,1.43834567,7.34559701,55.13443173,7.55844756,0.00051100,0.09102426,0.16753760,4.23332262
 291,   23,        Z0,22, 218, 218, 297, 298,-556,  13,283.28402710,0.06365053,-0.08439313,282.27582292,-23.87885680,18.04335505,91.18759918,0.09102426,0.16753760,4.23332262
 292,   11,        e-,23, 219, 219, 294, 295, 556,  11,30.88396645,1.67862880,-1.06890059,14.85791633,-27.07511229,79.85935999,0.00051100,0.09102426,0.16753760,4.23332262
 293,   23,        Z0,22, 219, 219, 296, 296, 556,  23,294.20245361,2.43917060,-3.06996632,-293.44809804,-21.05463054,1673.46706332,91.18759918,0.09102426,0.16753760,4.23332262
 297,   13,       mu-,23, 291, 291, 301, 301,  23,  13,189.57063293,0.18854979,-0.27586976,182.40271210,-51.63599025,35.95566555,0.10566000,0.09102426,0.16753760,4.23332262
 298,  -13,       mu+,23, 291, 291, 299, 300,  23, -13,103.65854645,-0.17195249,0.27108267,99.87309696,27.75713882,-17.91231206,0.10566000,0.09102426,0.16753760,4.23332262
idx,ID,Name,Stat,Mo1,Mo2,Da1,Da2,MoPdg,DaPdg,pt,eta,phi,px,py,pz,m,vx,vy,vz
   2,    1,         d,21,  10,  10,   4,   5,   1,-556,0.00000000,24127.58984375,0.00000000,0.00000000,0.00000000,1371.58984375,0.00000000,0.09345094,0.16978011,-3.33268166
   3,   -1,      dbar,21,  11,  11,   4,   5,  -1,-556,0.00000000,-22848.37695312,0.00000000,0.00000000,0.00000000,-92.37695312,0.00000000,0.09345094,0.16978011,-3.33268166
   4, -556,     P-556,22,   2,   3,  12,  12,   1,-556,128.15837097,-2.92008996,2.58861017,-109.05788161,67.31230578,-1184.76176977,200.00009155,0.09345094,0.16978011,-3.33268166
   5,  556,      P556,22,   2,   3,  13,  13,   1, 556,128.15837097,-0.68270046,-0.55298245,109.05788375,-67.31230231,-94.45044862,199.99980164,0.09345094,0.16978011,-3.33268166
 780,  -11,        e+,23, 595, 595, 782, 783,-556, -11,66.33824921,2.20596337,-2.87459922,-63.98778450,-17.50219249,297.48888500,0.00051103,0.09345094,0.16978011,-3.33268166
 781,   23,        Z0,22, 595, 595, 784, 784,-556,  23,116.31709290,2.73471022,-0.48842880,102.71627666,-54.58051491,892.17337567,91.18759918,0.09345094,0.16978011,-3.33268166
 785,   11,        e-,23, 596, 596, 787, 788, 556,  11,72.96131897,0.95108265,1.57226980,-0.10750631,72.96123977,80.33727199,0.00051100,0.09345094,0.16978011,-3.33268166
 786,   23,        Z0,22, 596, 596, 789, 789, 556,  23,119.18386078,0.09442111,-3.09224772,-119.03878852,-5.87873277,11.27020144,91.18759918,0.09345094,0.16978011,-3.33268166
 790,   13,       mu-,23, 784, 784, 792, 793,  23,  13,55.74494934,2.08028889,0.24661303,54.05837550,13.60850525,219.68770995,0.10566000,0.09345094,0.16978011,-3.33268166
 791,  -13,       mu+,23, 784, 784, 794, 794,  23, -13,83.76952362,2.77991557,-0.95101839,48.65789733,-68.18901756,672.48566656,0.10566000,0.09345094,0.16978011,-3.33268166
 795,   11,        e-, 1, 789, 789,  -1,  -1,  23,   0,71.17053986,0.46221307,-2.56567764,-59.69032870,-38.75964916,34.07984990,0.00051100,0.09345094,0.16978011,-3.33268166
 796,  -11,        e+, 1, 789, 789,  -1,  -1,  23,   0,67.84830475,-0.33015528,2.63565969,-59.34845375,32.88089862,-22.80965133,0.00051100,0.09345094,0.16978011,-3.33268166
idx,ID,Name,Stat,Mo1,Mo2,Da1,Da2,MoPdg,DaPdg,pt,eta,phi,px,py,pz,m,vx,vy,vz
   2,   -2,      ubar,21,  19,  19,   4,   5,  -2,-556,0.00000000,23740.56054688,0.00000000,0.00000000,0.00000000,984.56054688,0.00000000,0.09298212,0.16950308,-0.11236687
   3,    2,         u,21,  20,  20,   4,   5,   2,-556,0.00000000,-22835.63476562,0.00000000,0.00000000,0.00000000,-79.63476562,0.00000000,0.09298212,0.16950308,-0.11236687
   4, -556,     P-556,22,   2,   3,  21,  21,  -2,-556,90.59004974,-2.85286736,-0.35294124,85.00608856,-31.31328824,-782.68646405,200.00001526,0.09298212,0.16950308,-0.11236687
   5,  556,      P556,22,   2,   3,  22,  22,  -2, 556,90.59004974,-1.10819125,2.78865147,-85.00609036,31.31328334,-122.23856121,200.00195312,0.09298212,0.16950308,-0.11236687
 157,  -11,        e+,23, 113, 113, 159, 160,-556, -11,98.87957001,2.49618387,2.37355852,-71.12187872,68.69386969,595.93202781,0.00051111,0.09298212,0.16950308,-0.11236687
 158,   23,        Z0,22, 113, 113, 161, 161,-556,  23,19.35835457,2.96548057,-1.74033368,-3.26626450,-19.08081256,187.31618373,91.18759918,0.09298212,0.16950308,-0.11236687
 162,   11,        e-,23, 114, 114, 164, 165, 556,  11,49.14391708,1.44279587,1.31976497,12.20750234,47.60358676,98.19560560,0.00051101,0.09298212,0.16950308,-0.11236687
 163,   23,        Z0,22, 114, 114, 166, 166, 556,  23,106.00198364,0.22479716,-0.77879280,75.44818597,-74.45798661,24.03014689,91.18759918,0.09298212,0.16950308,-0.11236687
 167,   11,        e-, 1, 161, 161,  -1,  -1,  23,   0,44.44165421,1.22403526,3.07619739,-44.34665979,2.90420285,69.03660571,0.00051100,0.09298212,0.16950308,-0.11236687
 168,  -11,        e+, 1, 161, 161,  -1,  -1,  23,   0,46.59334564,1.66145408,-0.49138659,41.08039510,-21.98501756,118.27956485,0.00051100,0.09298212,0.16950308,-0.11236687
idx,ID,Name,Stat,Mo1,Mo2,Da1,Da2,MoPdg,DaPdg,pt,eta,phi,px,py,pz,m,vx,vy,vz
   2,    1,         d,21,  10,  10,   4,   5,   1,-556,0.00000000,22821.33789062,0.00000000,0.00000000,0.00000000,65.33789062,0.00000000,0.09158984,0.16982554,-1.07012951
   3,   -1,      dbar,21,  11,  11,   4,   5,  21,-556,0.00000000,-24266.14453125,0.00000000,0.00000000,0.00000000,-1510.14453125,0.00000000,0.09158984,0.16982554,-1.07012951
   4, -556,     P-556,22,   2,   3,  12,  12,   1,-556,54.89319992,3.86904883,-1.43774116,7.28229216,-54.40801061,1314.03145363,199.99996948,0.09158984,0.16982554,-1.07012951
   5,  556,      P556,22,   2,   3,  13,  13,   1, 556,54.89319992,1.60262668,1.70385158,-7.28229692,54.40800997,130.77461358,200.00006104,0.09158984,0.16982554,-1.07012951
 210,  -11,        e+, 1, 161, 161,  -1,  -1,-556,   0,71.47933960,-3.31071949,0.47706607,63.49838049,32.82151223,-978.13564818,0.00051100,0.09158984,0.16982554,-1.07012951
 211,   23,        Z0,22, 161, 161, 217, 218,-556,  15,58.47683716,-2.45035052,1.62430143,-3.12731677,58.39315348,-336.42151501,91.18759918,0.09158984,0.16982554,-1.07012951
 212,   11,        e-,23, 162, 162, 214, 215, 556,  11,21.63194275,-2.46613765,2.28043079,-14.09443336,16.40999376,-126.45990767,0.00051100,0.09158984,0.16982554,-1.07012951
 213,   23,        Z0,22, 162, 162, 216, 216, 556,  23,72.64685059,-0.07012474,-1.13002372,30.99393298,-65.70343232,-5.09851760,91.18759918,0.09158984,0.16982554,-1.07012951
 217,   15,      tau-,23, 211, 211, 221, 221,  23,  15,56.35673904,-1.22029829,1.85388637,-15.74179109,54.11356622,-87.15727869,1.77681994,0.09158984,0.16982554,-1.07012951
 218,  -15,      tau+,23, 211, 211, 219, 220,  23, -15,13.32065678,-3.62305784,0.32707500,12.61447707,4.27958703,-249.26421556,1.77681994,0.09158984,0.16982554,-1.07012951
 222,   15,      tau-,23, 216, 216, 226, 226,  23,  15,41.38877487,-0.98575741,-0.98454028,22.89817931,-34.47758793,-47.73542001,1.77681994,0.09158984,0.16982554,-1.07012951
 223,  -15,      tau+,23, 216, 216, 224, 225,  23, -15,32.25824738,1.09163475,-1.31711733,8.09575232,-31.22584375,42.63690188,1.77681994,0.09158984,0.16982554,-1.07012951
idx,ID,Name,Stat,Mo1,Mo2,Da1,Da2,MoPdg,DaPdg,pt,eta,phi,px,py,pz,m,vx,vy,vz
   2,    1,         d,21,   6,   6,   4,   5,   1,-556,0.00000000,22909.94140625,0.00000000,0.00000000,0.00000000,153.94140625,0.00000000,0.09143251,0.16945201,0.77967888
   3,   -1,      dbar,21,   7,   7,   4,   5,  -1,-556,0.00000000,-23356.46289062,0.00000000,0.00000000,0.00000000,-600.46289062,0.00000000,0.09143251,0.16945201,0.77967888
   4, -556,     P-556,22,   2,   3,   8,   8,   1,-556,51.00819016,-0.91817498,0.11043396,50.69746689,5.62159357,-53.69805750,200.00000000,0.09143251,0.16945201,0.77967888
   5,  556,      P556,22,   2,   3,   9,   9,   1, 556,51.00819016,2.97880030,-3.03115869,-50.69746683,-5.62159405,500.22093354,200.00004578,0.09143251,0.16945201,0.77967888
 704,  -11,        e+, 1, 536, 536,  -1,  -1,-556,   0,45.18497467,1.24208379,0.60649198,37.12635188,25.75492054,71.70945641,0.00051100,0.09143251,0.16945201,0.77967888
 705,   23,        Z0,22, 536, 536, 708, 709,-556,  11,89.96622467,-0.16649914,-2.87593389,-86.81018738,-23.62018096,-15.04860410,91.18759918,0.09143251,0.16945201,0.77967888
 706,   11,        e-, 1, 537, 537,  -1,  -1, 556,   0,85.62424469,-0.86828387,0.74173462,63.13056830,57.84498790,-84.04648822,0.00051099,0.09143251,0.16945201,0.77967888
 707,   23,        Z0,22, 537, 537, 710, 711, 556,  13,17.96071053,-3.81986499,2.23758745,-11.10811769,14.11371121,-409.28975695,91.18759918,0.09143251,0.16945201,0.77967888
 708,   11,        e-, 1, 705, 705,  -1,  -1,  23,   0,90.96743011,-0.45447904,-2.94546485,-89.22344939,-17.72708155,-42.78079502,0.00051100,0.09143251,0.16945201,0.77967888
 709,  -11,        e+, 1, 705, 705,  -1,  -1,  23,   0,6.36806774,2.17737389,-1.18212056,2.41326387,-5.89308444,27.73219169,0.00051100,0.09143251,0.16945201,0.77967888
 710,   13,       mu-,23, 707, 707, 712, 713,  23,  13,28.17797089,-1.10181034,0.99908143,15.24639631,23.69695007,-37.72101104,0.10566000,0.09143251,0.16945201,0.77967888
 711,  -13,       mu+,23, 707, 707, 714, 714,  23, -13,28.04280472,-3.27856994,-2.79282904,-26.35451424,-9.58323931,-371.56874300,0.10566000,0.09143251,0.16945201,0.77967888
idx,ID,Name,Stat,Mo1,Mo2,Da1,Da2,MoPdg,DaPdg,pt,eta,phi,px,py,pz,m,vx,vy,vz
   2,    2,         u,21,   6,   6,   4,   5,   2,-556,0.00000000,22810.32421875,0.00000000,0.00000000,0.00000000,54.32421875,0.00000000,0.09109741,0.16970837,2.32930565
   3,   -2,      ubar,21,   7,   7,   4,   5,  -2,-556,0.00000000,-24245.36523438,0.00000000,0.00000000,0.00000000,-1489.36523438,0.00000000,0.09109741,0.16970837,2.32930565
   4, -556,     P-556,22,   2,   3,   8,   8,   2,-556,150.08265686,2.67645216,1.06649423,72.51942030,131.39915361,1085.44524282,199.99925232,0.09109741,0.16970837,2.32930565
   5,  556,      P556,22,   2,   3,   9,   9,   2, 556,150.08265686,1.58191955,-2.07509851,-72.51943178,-131.39914727,349.59533681,200.00044250,0.09109741,0.16970837,2.32930565
 570,  -11,        e+, 1, 429, 429,  -1,  -1,-556,   0,107.41469574,-2.69767523,-2.10070252,-54.29301634,-92.68325220,-793.67741150,0.00051100,0.09109741,0.16970837,2.32930565
 571,   23,        Z0,22, 429, 429, 577, 578,-556,  13,71.01070404,-2.04916406,-2.95084190,-69.72272415,-13.46335121,-270.99700413,91.18759918,0.09109741,0.16970837,2.32930565
 572,   11,        e-,23, 430, 430, 574, 575, 556,  11,105.74717712,-1.00796950,2.02785516,-46.66736592,94.89268901,-125.57860334,0.00051099,0.09109741,0.16970837,2.32930565
 573,   23,        Z0,22, 430, 430, 576, 576, 556,  23,110.70407867,-1.42249441,0.42302835,100.94550461,45.44665151,-216.22395002,91.18759918,0.09109741,0.16970837,2.32930565
 577,   13,       mu-, 1, 571, 571,  -1,  -1,  23,   0,35.24740601,-1.41045189,-1.37226808,6.95172955,-34.55507324,-67.91776414,0.10566000,0.09109741,0.16970837,2.32930565
 578,  -13,       mu+, 1, 571, 571,  -1,  -1,  23,   0,79.52252960,-1.66700411,2.87315059,-76.67445219,21.09173052,-203.07927051,0.10566000,0.09109741,0.16970837,2.32930565
