Updating process to run DeepFlavour btag
Will recalculate the following discriminators: pfDeepFlavourJetTags:probb, pfDeepFlavourJetTags:probbb, pfDeepFlavourJetTags:problepb, pfDeepFlavourJetTags:probc
Updating process to run DeepBoostedJet on datasets before 103X
Updating process to run ParticleNet before it's included in MiniAOD
Updating process to run DeepDoubleX on datasets before 104X
Updating process to run DeepDoubleXv2 on datasets before 11X
Will recalculate the following discriminators on AK8 jets: pfDeepBoostedJetTags:probTbcq, pfDeepBoostedJetTags:probTbqq, pfDeepBoostedJetTags:probTbc, pfDeepBoostedJetTags:probTbq, pfDeepBoostedJetTags:probWcq, pfDeepBoostedJetTags:probWqq, pfDeepBoostedJetTags:probZbb, pfDeepBoostedJetTags:probZcc, pfDeepBoostedJetTags:probZqq, pfDeepBoostedJetTags:probHbb, pfDeepBoostedJetTags:probHcc, pfDeepBoostedJetTags:probHqqqq, pfDeepBoostedJetTags:probQCDbb, pfDeepBoostedJetTags:probQCDcc, pfDeepBoostedJetTags:probQCDb, pfDeepBoostedJetTags:probQCDc, pfDeepBoostedJetTags:probQCDothers, pfDeepBoostedDiscriminatorsJetTags:TvsQCD, pfDeepBoostedDiscriminatorsJetTags:WvsQCD, pfDeepBoostedDiscriminatorsJetTags:ZvsQCD, pfDeepBoostedDiscriminatorsJetTags:ZbbvsQCD, pfDeepBoostedDiscriminatorsJetTags:HbbvsQCD, pfDeepBoostedDiscriminatorsJetTags:H4qvsQCD, pfMassDecorrelatedDeepBoostedJetTags:probTbcq, pfMassDecorrelatedDeepBoostedJetTags:probTbqq, pfMassDecorrelatedDeepBoostedJetTags:probTbc, pfMassDecorrelatedDeepBoostedJetTags:probTbq, pfMassDecorrelatedDeepBoostedJetTags:probWcq, pfMassDecorrelatedDeepBoostedJetTags:probWqq, pfMassDecorrelatedDeepBoostedJetTags:probZbb, pfMassDecorrelatedDeepBoostedJetTags:probZcc, pfMassDecorrelatedDeepBoostedJetTags:probZqq, pfMassDecorrelatedDeepBoostedJetTags:probHbb, pfMassDecorrelatedDeepBoostedJetTags:probHcc, pfMassDecorrelatedDeepBoostedJetTags:probHqqqq, pfMassDecorrelatedDeepBoostedJetTags:probQCDbb, pfMassDecorrelatedDeepBoostedJetTags:probQCDcc, pfMassDecorrelatedDeepBoostedJetTags:probQCDb, pfMassDecorrelatedDeepBoostedJetTags:probQCDc, pfMassDecorrelatedDeepBoostedJetTags:probQCDothers, pfMassDecorrelatedDeepBoostedDiscriminatorsJetTags:TvsQCD, pfMassDecorrelatedDeepBoostedDiscriminatorsJetTags:WvsQCD, pfMassDecorrelatedDeepBoostedDiscriminatorsJetTags:ZvsQCD, pfMassDecorrelatedDeepBoostedDiscriminatorsJetTags:ZHbbvsQCD, pfMassDecorrelatedDeepBoostedDiscriminatorsJetTags:ZbbvsQCD, pfMassDecorrelatedDeepBoostedDiscriminatorsJetTags:HbbvsQCD, pfMassDecorrelatedDeepBoostedDiscriminatorsJetTags:H4qvsQCD, pfMassDecorrelatedDeepBoostedDiscriminatorsJetTags:ZHccvsQCD, pfMassDecorrelatedDeepBoostedDiscriminatorsJetTags:bbvsLight, pfMassDecorrelatedDeepBoostedDiscriminatorsJetTags:ccvsLight, pfParticleNetJetTags:probTbcq, pfParticleNetJetTags:probTbqq, pfParticleNetJetTags:probTbc, pfParticleNetJetTags:probTbq, pfParticleNetJetTags:probTbel, pfParticleNetJetTags:probTbmu, pfParticleNetJetTags:probTbta, pfParticleNetJetTags:probWcq, pfParticleNetJetTags:probWqq, pfParticleNetJetTags:probZbb, pfParticleNetJetTags:probZcc, pfParticleNetJetTags:probZqq, pfParticleNetJetTags:probHbb, pfParticleNetJetTags:probHcc, pfParticleNetJetTags:probHqqqq, pfParticleNetJetTags:probQCDbb, pfParticleNetJetTags:probQCDcc, pfParticleNetJetTags:probQCDb, pfParticleNetJetTags:probQCDc, pfParticleNetJetTags:probQCDothers, pfParticleNetDiscriminatorsJetTags:TvsQCD, pfParticleNetDiscriminatorsJetTags:WvsQCD, pfParticleNetDiscriminatorsJetTags:ZvsQCD, pfParticleNetDiscriminatorsJetTags:ZbbvsQCD, pfParticleNetDiscriminatorsJetTags:HbbvsQCD, pfParticleNetDiscriminatorsJetTags:HccvsQCD, pfParticleNetDiscriminatorsJetTags:H4qvsQCD, pfMassDecorrelatedParticleNetJetTags:probXbb, pfMassDecorrelatedParticleNetJetTags:probXcc, pfMassDecorrelatedParticleNetJetTags:probXqq, pfMassDecorrelatedParticleNetJetTags:probQCDbb, pfMassDecorrelatedParticleNetJetTags:probQCDcc, pfMassDecorrelatedParticleNetJetTags:probQCDb, pfMassDecorrelatedParticleNetJetTags:probQCDc, pfMassDecorrelatedParticleNetJetTags:probQCDothers, pfMassDecorrelatedParticleNetDiscriminatorsJetTags:XbbvsQCD, pfMassDecorrelatedParticleNetDiscriminatorsJetTags:XccvsQCD, pfMassDecorrelatedParticleNetDiscriminatorsJetTags:XqqvsQCD, pfParticleNetMassRegressionJetTags:mass, pfDeepDoubleBvLJetTags:probHbb, pfDeepDoubleCvLJetTags:probHcc, pfDeepDoubleCvBJetTags:probHcc, pfMassIndependentDeepDoubleBvLJetTags:probHbb, pfMassIndependentDeepDoubleCvLJetTags:probHcc, pfMassIndependentDeepDoubleCvBJetTags:probHcc, pfMassIndependentDeepDoubleBvLV2JetTags:probHbb, pfMassIndependentDeepDoubleCvLV2JetTags:probHcc, pfMassIndependentDeepDoubleCvBV2JetTags:probHcc
add DeepMET Producers
                         : Booking "muonMVATTH" of type "BDT" from /cvmfs/cms.cern.ch/slc7_amd64_gcc700/cms/cmssw/CMSSW_10_6_30/external/slc7_amd64_gcc700/data/PhysicsTools/NanoAOD/data/mu_BDTG_2016.weights.xml.
                         : Reading weight file: /cvmfs/cms.cern.ch/slc7_amd64_gcc700/cms/cmssw/CMSSW_10_6_30/external/slc7_amd64_gcc700/data/PhysicsTools/NanoAOD/data/mu_BDTG_2016.weights.xml
<HEADER> DataSetInfo              : [Default] : Added class "Signal"
<HEADER> DataSetInfo              : [Default] : Added class "Background"
                         : Booked classifier "BDTG" of type: "BDT"
                         : Booking "muonMVATTH" of type "BDT" from /cvmfs/cms.cern.ch/slc7_amd64_gcc700/cms/cmssw/CMSSW_10_6_30/external/slc7_amd64_gcc700/data/PhysicsTools/NanoAOD/data/mu_BDTG_2016.weights.xml.
                         : Reading weight file: /cvmfs/cms.cern.ch/slc7_amd64_gcc700/cms/cmssw/CMSSW_10_6_30/external/slc7_amd64_gcc700/data/PhysicsTools/NanoAOD/data/mu_BDTG_2016.weights.xml
<HEADER> DataSetInfo              : [Default] : Added class "Signal"
<HEADER> DataSetInfo              : [Default] : Added class "Background"
                         : Booked classifier "BDTG" of type: "BDT"
                         : Booking "muonMVATTH" of type "BDT" from /cvmfs/cms.cern.ch/slc7_amd64_gcc700/cms/cmssw/CMSSW_10_6_30/external/slc7_amd64_gcc700/data/PhysicsTools/NanoAOD/data/mu_BDTG_2016.weights.xml.
                         : Reading weight file: /cvmfs/cms.cern.ch/slc7_amd64_gcc700/cms/cmssw/CMSSW_10_6_30/external/slc7_amd64_gcc700/data/PhysicsTools/NanoAOD/data/mu_BDTG_2016.weights.xml
<HEADER> DataSetInfo              : [Default] : Added class "Signal"
<HEADER> DataSetInfo              : [Default] : Added class "Background"
                         : Booked classifier "BDTG" of type: "BDT"
                         : Booking "muonMVATTH" of type "BDT" from /cvmfs/cms.cern.ch/slc7_amd64_gcc700/cms/cmssw/CMSSW_10_6_30/external/slc7_amd64_gcc700/data/PhysicsTools/NanoAOD/data/mu_BDTG_2016.weights.xml.
                         : Reading weight file: /cvmfs/cms.cern.ch/slc7_amd64_gcc700/cms/cmssw/CMSSW_10_6_30/external/slc7_amd64_gcc700/data/PhysicsTools/NanoAOD/data/mu_BDTG_2016.weights.xml
<HEADER> DataSetInfo              : [Default] : Added class "Signal"
<HEADER> DataSetInfo              : [Default] : Added class "Background"
                         : Booked classifier "BDTG" of type: "BDT"
                         : Booking "muonMVALowPt" of type "BDT" from /cvmfs/cms.cern.ch/slc7_amd64_gcc700/cms/cmssw/CMSSW_10_6_30/external/slc7_amd64_gcc700/data/PhysicsTools/NanoAOD/data/mu_BDTG_lowpt.weights.xml.
                         : Reading weight file: /cvmfs/cms.cern.ch/slc7_amd64_gcc700/cms/cmssw/CMSSW_10_6_30/external/slc7_amd64_gcc700/data/PhysicsTools/NanoAOD/data/mu_BDTG_lowpt.weights.xml
<HEADER> DataSetInfo              : [Default] : Added class "Signal"
<HEADER> DataSetInfo              : [Default] : Added class "Background"
                         : Booked classifier "BDTG" of type: "BDT"
                         : Booking "muonMVALowPt" of type "BDT" from /cvmfs/cms.cern.ch/slc7_amd64_gcc700/cms/cmssw/CMSSW_10_6_30/external/slc7_amd64_gcc700/data/PhysicsTools/NanoAOD/data/mu_BDTG_lowpt.weights.xml.
                         : Reading weight file: /cvmfs/cms.cern.ch/slc7_amd64_gcc700/cms/cmssw/CMSSW_10_6_30/external/slc7_amd64_gcc700/data/PhysicsTools/NanoAOD/data/mu_BDTG_lowpt.weights.xml
<HEADER> DataSetInfo              : [Default] : Added class "Signal"
<HEADER> DataSetInfo              : [Default] : Added class "Background"
                         : Booked classifier "BDTG" of type: "BDT"
                         : Booking "muonMVALowPt" of type "BDT" from /cvmfs/cms.cern.ch/slc7_amd64_gcc700/cms/cmssw/CMSSW_10_6_30/external/slc7_amd64_gcc700/data/PhysicsTools/NanoAOD/data/mu_BDTG_lowpt.weights.xml.
                         : Reading weight file: /cvmfs/cms.cern.ch/slc7_amd64_gcc700/cms/cmssw/CMSSW_10_6_30/external/slc7_amd64_gcc700/data/PhysicsTools/NanoAOD/data/mu_BDTG_lowpt.weights.xml
<HEADER> DataSetInfo              : [Default] : Added class "Signal"
<HEADER> DataSetInfo              : [Default] : Added class "Background"
                         : Booked classifier "BDTG" of type: "BDT"
                         : Booking "muonMVALowPt" of type "BDT" from /cvmfs/cms.cern.ch/slc7_amd64_gcc700/cms/cmssw/CMSSW_10_6_30/external/slc7_amd64_gcc700/data/PhysicsTools/NanoAOD/data/mu_BDTG_lowpt.weights.xml.
                         : Reading weight file: /cvmfs/cms.cern.ch/slc7_amd64_gcc700/cms/cmssw/CMSSW_10_6_30/external/slc7_amd64_gcc700/data/PhysicsTools/NanoAOD/data/mu_BDTG_lowpt.weights.xml
<HEADER> DataSetInfo              : [Default] : Added class "Signal"
<HEADER> DataSetInfo              : [Default] : Added class "Background"
                         : Booked classifier "BDTG" of type: "BDT"
                         : Booking "electronMVATTH" of type "BDT" from /cvmfs/cms.cern.ch/slc7_amd64_gcc700/cms/cmssw/CMSSW_10_6_30/external/slc7_amd64_gcc700/data/PhysicsTools/NanoAOD/data/el_BDTG_2016.weights.xml.
                         : Reading weight file: /cvmfs/cms.cern.ch/slc7_amd64_gcc700/cms/cmssw/CMSSW_10_6_30/external/slc7_amd64_gcc700/data/PhysicsTools/NanoAOD/data/el_BDTG_2016.weights.xml
<HEADER> DataSetInfo              : [Default] : Added class "Signal"
<HEADER> DataSetInfo              : [Default] : Added class "Background"
                         : Booked classifier "BDTG" of type: "BDT"
                         : Booking "electronMVATTH" of type "BDT" from /cvmfs/cms.cern.ch/slc7_amd64_gcc700/cms/cmssw/CMSSW_10_6_30/external/slc7_amd64_gcc700/data/PhysicsTools/NanoAOD/data/el_BDTG_2016.weights.xml.
                         : Reading weight file: /cvmfs/cms.cern.ch/slc7_amd64_gcc700/cms/cmssw/CMSSW_10_6_30/external/slc7_amd64_gcc700/data/PhysicsTools/NanoAOD/data/el_BDTG_2016.weights.xml
<HEADER> DataSetInfo              : [Default] : Added class "Signal"
<HEADER> DataSetInfo              : [Default] : Added class "Background"
                         : Booked classifier "BDTG" of type: "BDT"
                         : Booking "electronMVATTH" of type "BDT" from /cvmfs/cms.cern.ch/slc7_amd64_gcc700/cms/cmssw/CMSSW_10_6_30/external/slc7_amd64_gcc700/data/PhysicsTools/NanoAOD/data/el_BDTG_2016.weights.xml.
                         : Reading weight file: /cvmfs/cms.cern.ch/slc7_amd64_gcc700/cms/cmssw/CMSSW_10_6_30/external/slc7_amd64_gcc700/data/PhysicsTools/NanoAOD/data/el_BDTG_2016.weights.xml
<HEADER> DataSetInfo              : [Default] : Added class "Signal"
<HEADER> DataSetInfo              : [Default] : Added class "Background"
                         : Booked classifier "BDTG" of type: "BDT"
                         : Booking "electronMVATTH" of type "BDT" from /cvmfs/cms.cern.ch/slc7_amd64_gcc700/cms/cmssw/CMSSW_10_6_30/external/slc7_amd64_gcc700/data/PhysicsTools/NanoAOD/data/el_BDTG_2016.weights.xml.
                         : Reading weight file: /cvmfs/cms.cern.ch/slc7_amd64_gcc700/cms/cmssw/CMSSW_10_6_30/external/slc7_amd64_gcc700/data/PhysicsTools/NanoAOD/data/el_BDTG_2016.weights.xml
<HEADER> DataSetInfo              : [Default] : Added class "Signal"
<HEADER> DataSetInfo              : [Default] : Added class "Background"
                         : Booked classifier "BDTG" of type: "BDT"
Rivet.Analysis.Handler: WARN  Analysis 'HiggsTemplateCrossSections' is unvalidated: be careful, it may be broken!
==============================================================
========     HiggsTemplateCrossSections Initialization     =========
==============================================================
Rivet.Analysis.HiggsTemplateCrossSections: WARN  No HIGGSPRODMODE shell variable found. Needed when running Rivet stand-alone.
==============================================================
========             Higgs prod mode 0              =========
========          Sucessful Initialization           =========
==============================================================
Rivet.Analysis.HiggsTemplateCrossSections: WARN  Unkown Higgs production mechanism. Cannot classify event. Classification for all events will most likely fail.
Rivet.Analysis.HiggsTemplateCrossSections: WARN  Unkown Higgs production mechanism. Cannot classify event. Classification for all events will most likely fail.
Rivet.Analysis.HiggsTemplateCrossSections: WARN  Unkown Higgs production mechanism. Cannot classify event. Classification for all events will most likely fail.
Rivet.Analysis.HiggsTemplateCrossSections: WARN  Unkown Higgs production mechanism. Cannot classify event. Classification for all events will most likely fail.
Rivet.Analysis.HiggsTemplateCrossSections: WARN  Unkown Higgs production mechanism. Cannot classify event. Classification for all events will most likely fail.
Rivet.Analysis.HiggsTemplateCrossSections: WARN  Unkown Higgs production mechanism. Cannot classify event. Classification for all events will most likely fail.
Rivet.Analysis.HiggsTemplateCrossSections: WARN  Unkown Higgs production mechanism. Cannot classify event. Classification for all events will most likely fail.
Rivet.Analysis.HiggsTemplateCrossSections: WARN  Unkown Higgs production mechanism. Cannot classify event. Classification for all events will most likely fail.
Rivet.Analysis.HiggsTemplateCrossSections: WARN  Unkown Higgs production mechanism. Cannot classify event. Classification for all events will most likely fail.
Rivet.Analysis.HiggsTemplateCrossSections: WARN  Unkown Higgs production mechanism. Cannot classify event. Classification for all events will most likely fail.
Rivet.Analysis.HiggsTemplateCrossSections: WARN  Unkown Higgs production mechanism. Cannot classify event. Classification for all events will most likely fail.
Rivet.Analysis.HiggsTemplateCrossSections: WARN  Unkown Higgs production mechanism. Cannot classify event. Classification for all events will most likely fail.
Rivet.Analysis.HiggsTemplateCrossSections: WARN  Unkown Higgs production mechanism. Cannot classify event. Classification for all events will most likely fail.
Rivet.Analysis.HiggsTemplateCrossSections: WARN  Unkown Higgs production mechanism. Cannot classify event. Classification for all events will most likely fail.
Rivet.Analysis.HiggsTemplateCrossSections: WARN  Unkown Higgs production mechanism. Cannot classify event. Classification for all events will most likely fail.
Rivet.Analysis.HiggsTemplateCrossSections: WARN  Unkown Higgs production mechanism. Cannot classify event. Classification for all events will most likely fail.
Rivet.Analysis.HiggsTemplateCrossSections: WARN  Unkown Higgs production mechanism. Cannot classify event. Classification for all events will most likely fail.
Rivet.Analysis.HiggsTemplateCrossSections: WARN  Unkown Higgs production mechanism. Cannot classify event. Classification for all events will most likely fail.
Rivet.Analysis.HiggsTemplateCrossSections: WARN  Unkown Higgs production mechanism. Cannot classify event. Classification for all events will most likely fail.
Rivet.Analysis.HiggsTemplateCrossSections: INFO   ====================================================== 
Rivet.Analysis.HiggsTemplateCrossSections: INFO        Higgs Template X-Sec Categorization Tool          
Rivet.Analysis.HiggsTemplateCrossSections: INFO                  Status Code Summary                     
Rivet.Analysis.HiggsTemplateCrossSections: INFO   ====================================================== 
Rivet.Analysis.HiggsTemplateCrossSections: INFO       >>>> All 0 events successfully categorized!
Rivet.Analysis.HiggsTemplateCrossSections: INFO   ====================================================== 
Rivet.Analysis.HiggsTemplateCrossSections: INFO   ====================================================== 
