03-Sep-2024 19:53:14 CEST  Initiating request to open file file:digiHLT.root
03-Sep-2024 19:53:14 CEST  Successfully opened file file:digiHLT.root
Begin processing the 1st record. Run 1, Event 1, LumiSection 1 on stream 0 at 03-Sep-2024 19:56:13.165 CEST
Begin processing the 2nd record. Run 1, Event 2, LumiSection 1 on stream 0 at 03-Sep-2024 20:01:13.468 CEST
Begin processing the 3rd record. Run 1, Event 3, LumiSection 1 on stream 0 at 03-Sep-2024 20:01:14.626 CEST
Begin processing the 4th record. Run 1, Event 4, LumiSection 1 on stream 0 at 03-Sep-2024 20:01:15.097 CEST
Begin processing the 5th record. Run 1, Event 5, LumiSection 1 on stream 0 at 03-Sep-2024 20:01:16.080 CEST
Begin processing the 6th record. Run 1, Event 6, LumiSection 1 on stream 0 at 03-Sep-2024 20:01:16.508 CEST
Begin processing the 7th record. Run 1, Event 7, LumiSection 1 on stream 0 at 03-Sep-2024 20:01:17.122 CEST
Begin processing the 8th record. Run 1, Event 8, LumiSection 1 on stream 0 at 03-Sep-2024 20:01:17.365 CEST
Begin processing the 9th record. Run 1, Event 9, LumiSection 1 on stream 0 at 03-Sep-2024 20:01:18.071 CEST
Begin processing the 10th record. Run 1, Event 10, LumiSection 1 on stream 0 at 03-Sep-2024 20:01:18.690 CEST
Begin processing the 11th record. Run 1, Event 11, LumiSection 1 on stream 0 at 03-Sep-2024 20:01:19.267 CEST
Begin processing the 12th record. Run 1, Event 12, LumiSection 1 on stream 0 at 03-Sep-2024 20:01:20.125 CEST
Begin processing the 13th record. Run 1, Event 13, LumiSection 1 on stream 0 at 03-Sep-2024 20:01:20.755 CEST
Begin processing the 14th record. Run 1, Event 14, LumiSection 1 on stream 0 at 03-Sep-2024 20:01:21.455 CEST
Begin processing the 15th record. Run 1, Event 15, LumiSection 1 on stream 0 at 03-Sep-2024 20:01:22.397 CEST
%MSG-w EnergyInDeadEB_FE:  EcalRecHitProducer:ecalRecHit  03-Sep-2024 20:01:22 CEST Run: 1 Event: 15
TP energy in the dead TT = 99 at (EcalTT subDet Barrel iz -  ieta 17 iphi 37)
%MSG
Begin processing the 16th record. Run 1, Event 16, LumiSection 1 on stream 0 at 03-Sep-2024 20:01:22.899 CEST
Begin processing the 17th record. Run 1, Event 17, LumiSection 1 on stream 0 at 03-Sep-2024 20:01:23.658 CEST
Begin processing the 18th record. Run 1, Event 18, LumiSection 1 on stream 0 at 03-Sep-2024 20:01:24.497 CEST
Begin processing the 19th record. Run 1, Event 19, LumiSection 1 on stream 0 at 03-Sep-2024 20:01:25.069 CEST
Begin processing the 20th record. Run 1, Event 20, LumiSection 1 on stream 0 at 03-Sep-2024 20:01:25.489 CEST
%MSG-e TrajectoryNotPosDef:   TrackProducerWithSCAssociation:ckfOutInTracksFromConversions  03-Sep-2024 20:01:25 CEST Run: 1 Event: 20
Trajectory covariance is not positive-definite
%MSG
Begin processing the 21st record. Run 1, Event 21, LumiSection 1 on stream 0 at 03-Sep-2024 20:01:26.176 CEST
Begin processing the 22nd record. Run 1, Event 22, LumiSection 1 on stream 0 at 03-Sep-2024 20:01:26.775 CEST
Begin processing the 23rd record. Run 1, Event 23, LumiSection 1 on stream 0 at 03-Sep-2024 20:01:27.675 CEST
Begin processing the 24th record. Run 1, Event 24, LumiSection 1 on stream 0 at 03-Sep-2024 20:01:28.537 CEST
Begin processing the 25th record. Run 1, Event 25, LumiSection 1 on stream 0 at 03-Sep-2024 20:01:28.982 CEST
Begin processing the 26th record. Run 1, Event 26, LumiSection 1 on stream 0 at 03-Sep-2024 20:01:29.324 CEST
Begin processing the 27th record. Run 1, Event 27, LumiSection 1 on stream 0 at 03-Sep-2024 20:01:29.731 CEST
Begin processing the 28th record. Run 1, Event 28, LumiSection 1 on stream 0 at 03-Sep-2024 20:01:30.220 CEST
Begin processing the 29th record. Run 1, Event 29, LumiSection 1 on stream 0 at 03-Sep-2024 20:01:30.656 CEST
Begin processing the 30th record. Run 1, Event 30, LumiSection 1 on stream 0 at 03-Sep-2024 20:01:31.168 CEST
Begin processing the 31st record. Run 1, Event 31, LumiSection 1 on stream 0 at 03-Sep-2024 20:01:31.861 CEST
Begin processing the 32nd record. Run 1, Event 32, LumiSection 1 on stream 0 at 03-Sep-2024 20:01:32.500 CEST
Begin processing the 33rd record. Run 1, Event 33, LumiSection 1 on stream 0 at 03-Sep-2024 20:01:32.937 CEST
Begin processing the 34th record. Run 1, Event 34, LumiSection 1 on stream 0 at 03-Sep-2024 20:01:33.497 CEST
Begin processing the 35th record. Run 1, Event 35, LumiSection 1 on stream 0 at 03-Sep-2024 20:01:33.941 CEST
Begin processing the 36th record. Run 1, Event 36, LumiSection 1 on stream 0 at 03-Sep-2024 20:01:34.281 CEST
Begin processing the 37th record. Run 1, Event 37, LumiSection 1 on stream 0 at 03-Sep-2024 20:01:35.075 CEST
Begin processing the 38th record. Run 1, Event 38, LumiSection 1 on stream 0 at 03-Sep-2024 20:01:35.424 CEST
Begin processing the 39th record. Run 1, Event 39, LumiSection 1 on stream 0 at 03-Sep-2024 20:01:36.727 CEST
Begin processing the 40th record. Run 1, Event 40, LumiSection 1 on stream 0 at 03-Sep-2024 20:01:37.300 CEST
Begin processing the 41st record. Run 1, Event 41, LumiSection 1 on stream 0 at 03-Sep-2024 20:01:37.646 CEST
Begin processing the 42nd record. Run 1, Event 42, LumiSection 1 on stream 0 at 03-Sep-2024 20:01:38.135 CEST
Begin processing the 43rd record. Run 1, Event 43, LumiSection 1 on stream 0 at 03-Sep-2024 20:01:39.095 CEST
Begin processing the 44th record. Run 1, Event 44, LumiSection 1 on stream 0 at 03-Sep-2024 20:01:39.815 CEST
Begin processing the 45th record. Run 1, Event 45, LumiSection 1 on stream 0 at 03-Sep-2024 20:01:40.659 CEST
Begin processing the 46th record. Run 1, Event 46, LumiSection 1 on stream 0 at 03-Sep-2024 20:01:41.452 CEST
Begin processing the 47th record. Run 1, Event 47, LumiSection 1 on stream 0 at 03-Sep-2024 20:01:42.033 CEST
Begin processing the 48th record. Run 1, Event 48, LumiSection 1 on stream 0 at 03-Sep-2024 20:01:42.853 CEST
Begin processing the 49th record. Run 1, Event 49, LumiSection 1 on stream 0 at 03-Sep-2024 20:01:43.304 CEST
Begin processing the 50th record. Run 1, Event 50, LumiSection 1 on stream 0 at 03-Sep-2024 20:01:43.938 CEST
Begin processing the 51st record. Run 1, Event 51, LumiSection 1 on stream 0 at 03-Sep-2024 20:01:44.389 CEST
Begin processing the 52nd record. Run 1, Event 52, LumiSection 1 on stream 0 at 03-Sep-2024 20:01:44.956 CEST
Begin processing the 53rd record. Run 1, Event 53, LumiSection 1 on stream 0 at 03-Sep-2024 20:01:45.325 CEST
Begin processing the 54th record. Run 1, Event 54, LumiSection 1 on stream 0 at 03-Sep-2024 20:01:46.784 CEST
Begin processing the 55th record. Run 1, Event 55, LumiSection 1 on stream 0 at 03-Sep-2024 20:01:47.282 CEST
Begin processing the 56th record. Run 1, Event 56, LumiSection 1 on stream 0 at 03-Sep-2024 20:01:47.945 CEST
Begin processing the 57th record. Run 1, Event 57, LumiSection 1 on stream 0 at 03-Sep-2024 20:01:48.559 CEST
Begin processing the 58th record. Run 1, Event 58, LumiSection 1 on stream 0 at 03-Sep-2024 20:01:49.015 CEST
Begin processing the 59th record. Run 1, Event 59, LumiSection 1 on stream 0 at 03-Sep-2024 20:01:49.760 CEST
Begin processing the 60th record. Run 1, Event 60, LumiSection 1 on stream 0 at 03-Sep-2024 20:01:50.362 CEST
Begin processing the 61st record. Run 1, Event 61, LumiSection 1 on stream 0 at 03-Sep-2024 20:01:51.163 CEST
Begin processing the 62nd record. Run 1, Event 62, LumiSection 1 on stream 0 at 03-Sep-2024 20:01:51.975 CEST
Begin processing the 63rd record. Run 1, Event 63, LumiSection 1 on stream 0 at 03-Sep-2024 20:01:52.441 CEST
Begin processing the 64th record. Run 1, Event 64, LumiSection 1 on stream 0 at 03-Sep-2024 20:01:52.782 CEST
Begin processing the 65th record. Run 1, Event 65, LumiSection 1 on stream 0 at 03-Sep-2024 20:01:53.107 CEST
Begin processing the 66th record. Run 1, Event 66, LumiSection 1 on stream 0 at 03-Sep-2024 20:01:53.594 CEST
Begin processing the 67th record. Run 1, Event 67, LumiSection 1 on stream 0 at 03-Sep-2024 20:01:54.266 CEST
Begin processing the 68th record. Run 1, Event 68, LumiSection 1 on stream 0 at 03-Sep-2024 20:01:54.981 CEST
Begin processing the 69th record. Run 1, Event 69, LumiSection 1 on stream 0 at 03-Sep-2024 20:01:55.957 CEST
Begin processing the 70th record. Run 1, Event 70, LumiSection 1 on stream 0 at 03-Sep-2024 20:01:56.540 CEST
Begin processing the 71st record. Run 1, Event 71, LumiSection 1 on stream 0 at 03-Sep-2024 20:01:57.094 CEST
Begin processing the 72nd record. Run 1, Event 72, LumiSection 1 on stream 0 at 03-Sep-2024 20:01:57.455 CEST
Begin processing the 73rd record. Run 1, Event 73, LumiSection 1 on stream 0 at 03-Sep-2024 20:01:58.003 CEST
Begin processing the 74th record. Run 1, Event 74, LumiSection 1 on stream 0 at 03-Sep-2024 20:01:58.705 CEST
Begin processing the 75th record. Run 1, Event 75, LumiSection 1 on stream 0 at 03-Sep-2024 20:01:59.211 CEST
%MSG-e TrajectoryNotPosDef:   TrackProducerWithSCAssociation:ckfOutInTracksFromConversions  03-Sep-2024 20:01:59 CEST Run: 1 Event: 75
Trajectory covariance is not positive-definite
%MSG
Begin processing the 76th record. Run 1, Event 76, LumiSection 1 on stream 0 at 03-Sep-2024 20:01:59.935 CEST
Begin processing the 77th record. Run 1, Event 77, LumiSection 1 on stream 0 at 03-Sep-2024 20:02:00.665 CEST
Begin processing the 78th record. Run 1, Event 78, LumiSection 1 on stream 0 at 03-Sep-2024 20:02:01.730 CEST
Begin processing the 79th record. Run 1, Event 79, LumiSection 1 on stream 0 at 03-Sep-2024 20:02:02.347 CEST
Begin processing the 80th record. Run 1, Event 80, LumiSection 1 on stream 0 at 03-Sep-2024 20:02:03.089 CEST
Begin processing the 81st record. Run 1, Event 81, LumiSection 1 on stream 0 at 03-Sep-2024 20:02:03.588 CEST
Begin processing the 82nd record. Run 1, Event 82, LumiSection 1 on stream 0 at 03-Sep-2024 20:02:04.434 CEST
Begin processing the 83rd record. Run 1, Event 83, LumiSection 1 on stream 0 at 03-Sep-2024 20:02:05.340 CEST
Begin processing the 84th record. Run 1, Event 84, LumiSection 1 on stream 0 at 03-Sep-2024 20:02:05.984 CEST
Begin processing the 85th record. Run 1, Event 85, LumiSection 1 on stream 0 at 03-Sep-2024 20:02:06.633 CEST
Begin processing the 86th record. Run 1, Event 86, LumiSection 1 on stream 0 at 03-Sep-2024 20:02:07.193 CEST
Begin processing the 87th record. Run 1, Event 87, LumiSection 1 on stream 0 at 03-Sep-2024 20:02:07.746 CEST
Begin processing the 88th record. Run 1, Event 88, LumiSection 1 on stream 0 at 03-Sep-2024 20:02:08.537 CEST
Begin processing the 89th record. Run 1, Event 89, LumiSection 1 on stream 0 at 03-Sep-2024 20:02:09.072 CEST
Begin processing the 90th record. Run 1, Event 90, LumiSection 1 on stream 0 at 03-Sep-2024 20:02:09.737 CEST
Begin processing the 91st record. Run 1, Event 91, LumiSection 1 on stream 0 at 03-Sep-2024 20:02:10.501 CEST
Begin processing the 92nd record. Run 1, Event 92, LumiSection 1 on stream 0 at 03-Sep-2024 20:02:10.773 CEST
Begin processing the 93rd record. Run 1, Event 93, LumiSection 1 on stream 0 at 03-Sep-2024 20:02:11.366 CEST
Begin processing the 94th record. Run 1, Event 94, LumiSection 1 on stream 0 at 03-Sep-2024 20:02:12.138 CEST
Begin processing the 95th record. Run 1, Event 95, LumiSection 1 on stream 0 at 03-Sep-2024 20:02:12.555 CEST
Begin processing the 96th record. Run 1, Event 96, LumiSection 1 on stream 0 at 03-Sep-2024 20:02:13.187 CEST
Begin processing the 97th record. Run 1, Event 97, LumiSection 1 on stream 0 at 03-Sep-2024 20:02:13.562 CEST
Begin processing the 98th record. Run 1, Event 98, LumiSection 1 on stream 0 at 03-Sep-2024 20:02:14.044 CEST
Begin processing the 99th record. Run 1, Event 99, LumiSection 1 on stream 0 at 03-Sep-2024 20:02:14.629 CEST
Begin processing the 100th record. Run 1, Event 100, LumiSection 1 on stream 0 at 03-Sep-2024 20:02:15.787 CEST
03-Sep-2024 20:02:16 CEST  Closed file file:digiHLT.root
TimeReport> Time report complete in 671.01 seconds
 Time Summary: 
 - Min event:   0.241336
 - Max event:   300.168
 - Avg event:   3.62934
 - Total loop:  492.409
 - Total init:  174.402
 - Total job:   671.01
 - EventSetup Lock:   0.000428677
 - EventSetup Get:   480.051
 Event Throughput: 0.203083 ev/s
 CPU Summary: 
 - Total loop:  90.18
 - Total init:  33.3923
 - Total extra: 0
 - Total job:   127.577
 Processing Summary: 
 - Number of Events:  100
 - Number of Global Begin Lumi Calls:  1
 - Number of Global Begin Run Calls: 1


=============================================

MessageLogger Summary

 type     category        sev    module        subroutine        count    total
 ---- -------------------- -- ---------------- ----------------  -----    -----
    1 EnergyInDeadEB_FE    -w EcalRecHitProduc                       1        1
    2 TimeReport           -e AfterModEndJob                         1        1
    3 TrajectoryNotPosDef  -e TrackProducerWit                       2        2
    4 fileAction           -s file_close                             1        1
    5 fileAction           -s file_open                              2        2

 type    category    Examples: run/evt        run/evt          run/evt
 ---- -------------------- ---------------- ---------------- ----------------
    1 EnergyInDeadEB_FE    1/15                              
    2 TimeReport           PostGlobalEndRun                  
    3 TrajectoryNotPosDef  1/20             1/75             
    4 fileAction           PostGlobalEndRun                  
    5 fileAction           pre-events       pre-events       

Severity    # Occurrences   Total Occurrences
--------    -------------   -----------------
Warning                 1                   1
Error                   3                   3
System                  3                   3

dropped waiting message count 0
