03-Sep-2024 19:44:28 CEST  Initiating request to open file file:gensimLW.root
03-Sep-2024 19:44:28 CEST  Successfully opened file file:gensimLW.root
Begin processing the 1st record. Run 1, Event 1, LumiSection 1 on stream 0 at 03-Sep-2024 19:47:13.217 CEST
Begin processing the 2nd record. Run 1, Event 2, LumiSection 1 on stream 0 at 03-Sep-2024 19:49:29.204 CEST
Begin processing the 3rd record. Run 1, Event 3, LumiSection 1 on stream 0 at 03-Sep-2024 19:49:30.483 CEST
Begin processing the 4th record. Run 1, Event 4, LumiSection 1 on stream 0 at 03-Sep-2024 19:49:31.329 CEST
Begin processing the 5th record. Run 1, Event 5, LumiSection 1 on stream 0 at 03-Sep-2024 19:49:32.514 CEST
Begin processing the 6th record. Run 1, Event 6, LumiSection 1 on stream 0 at 03-Sep-2024 19:49:33.400 CEST
Begin processing the 7th record. Run 1, Event 7, LumiSection 1 on stream 0 at 03-Sep-2024 19:49:34.333 CEST
Begin processing the 8th record. Run 1, Event 8, LumiSection 1 on stream 0 at 03-Sep-2024 19:49:35.174 CEST
Begin processing the 9th record. Run 1, Event 9, LumiSection 1 on stream 0 at 03-Sep-2024 19:49:36.184 CEST
Begin processing the 10th record. Run 1, Event 10, LumiSection 1 on stream 0 at 03-Sep-2024 19:49:37.120 CEST
Begin processing the 11th record. Run 1, Event 11, LumiSection 1 on stream 0 at 03-Sep-2024 19:49:38.044 CEST
Begin processing the 12th record. Run 1, Event 12, LumiSection 1 on stream 0 at 03-Sep-2024 19:49:39.276 CEST
Begin processing the 13th record. Run 1, Event 13, LumiSection 1 on stream 0 at 03-Sep-2024 19:49:40.321 CEST
Begin processing the 14th record. Run 1, Event 14, LumiSection 1 on stream 0 at 03-Sep-2024 19:49:41.119 CEST
Begin processing the 15th record. Run 1, Event 15, LumiSection 1 on stream 0 at 03-Sep-2024 19:49:42.334 CEST
Begin processing the 16th record. Run 1, Event 16, LumiSection 1 on stream 0 at 03-Sep-2024 19:49:43.173 CEST
Begin processing the 17th record. Run 1, Event 17, LumiSection 1 on stream 0 at 03-Sep-2024 19:49:44.152 CEST
Begin processing the 18th record. Run 1, Event 18, LumiSection 1 on stream 0 at 03-Sep-2024 19:49:45.140 CEST
Begin processing the 19th record. Run 1, Event 19, LumiSection 1 on stream 0 at 03-Sep-2024 19:49:46.138 CEST
Begin processing the 20th record. Run 1, Event 20, LumiSection 1 on stream 0 at 03-Sep-2024 19:49:47.092 CEST
Begin processing the 21st record. Run 1, Event 21, LumiSection 1 on stream 0 at 03-Sep-2024 19:49:48.015 CEST
Begin processing the 22nd record. Run 1, Event 22, LumiSection 1 on stream 0 at 03-Sep-2024 19:49:48.899 CEST
Begin processing the 23rd record. Run 1, Event 23, LumiSection 1 on stream 0 at 03-Sep-2024 19:49:50.057 CEST
Begin processing the 24th record. Run 1, Event 24, LumiSection 1 on stream 0 at 03-Sep-2024 19:49:51.101 CEST
Begin processing the 25th record. Run 1, Event 25, LumiSection 1 on stream 0 at 03-Sep-2024 19:49:51.861 CEST
Begin processing the 26th record. Run 1, Event 26, LumiSection 1 on stream 0 at 03-Sep-2024 19:49:52.673 CEST
Begin processing the 27th record. Run 1, Event 27, LumiSection 1 on stream 0 at 03-Sep-2024 19:49:53.470 CEST
Begin processing the 28th record. Run 1, Event 28, LumiSection 1 on stream 0 at 03-Sep-2024 19:49:54.491 CEST
Begin processing the 29th record. Run 1, Event 29, LumiSection 1 on stream 0 at 03-Sep-2024 19:49:55.261 CEST
Begin processing the 30th record. Run 1, Event 30, LumiSection 1 on stream 0 at 03-Sep-2024 19:49:56.131 CEST
Begin processing the 31st record. Run 1, Event 31, LumiSection 1 on stream 0 at 03-Sep-2024 19:49:57.091 CEST
Begin processing the 32nd record. Run 1, Event 32, LumiSection 1 on stream 0 at 03-Sep-2024 19:49:57.979 CEST
Begin processing the 33rd record. Run 1, Event 33, LumiSection 1 on stream 0 at 03-Sep-2024 19:49:58.785 CEST
Begin processing the 34th record. Run 1, Event 34, LumiSection 1 on stream 0 at 03-Sep-2024 19:49:59.666 CEST
Begin processing the 35th record. Run 1, Event 35, LumiSection 1 on stream 0 at 03-Sep-2024 19:50:00.496 CEST
Begin processing the 36th record. Run 1, Event 36, LumiSection 1 on stream 0 at 03-Sep-2024 19:50:01.249 CEST
Begin processing the 37th record. Run 1, Event 37, LumiSection 1 on stream 0 at 03-Sep-2024 19:50:02.211 CEST
Begin processing the 38th record. Run 1, Event 38, LumiSection 1 on stream 0 at 03-Sep-2024 19:50:03.000 CEST
Begin processing the 39th record. Run 1, Event 39, LumiSection 1 on stream 0 at 03-Sep-2024 19:50:04.025 CEST
Begin processing the 40th record. Run 1, Event 40, LumiSection 1 on stream 0 at 03-Sep-2024 19:50:05.004 CEST
Begin processing the 41st record. Run 1, Event 41, LumiSection 1 on stream 0 at 03-Sep-2024 19:50:06.879 CEST
Begin processing the 42nd record. Run 1, Event 42, LumiSection 1 on stream 0 at 03-Sep-2024 19:50:07.741 CEST
Begin processing the 43rd record. Run 1, Event 43, LumiSection 1 on stream 0 at 03-Sep-2024 19:50:08.861 CEST
Begin processing the 44th record. Run 1, Event 44, LumiSection 1 on stream 0 at 03-Sep-2024 19:50:09.819 CEST
Begin processing the 45th record. Run 1, Event 45, LumiSection 1 on stream 0 at 03-Sep-2024 19:50:10.754 CEST
Begin processing the 46th record. Run 1, Event 46, LumiSection 1 on stream 0 at 03-Sep-2024 19:50:11.827 CEST
Begin processing the 47th record. Run 1, Event 47, LumiSection 1 on stream 0 at 03-Sep-2024 19:50:12.712 CEST
Begin processing the 48th record. Run 1, Event 48, LumiSection 1 on stream 0 at 03-Sep-2024 19:50:13.526 CEST
Begin processing the 49th record. Run 1, Event 49, LumiSection 1 on stream 0 at 03-Sep-2024 19:50:14.390 CEST
Begin processing the 50th record. Run 1, Event 50, LumiSection 1 on stream 0 at 03-Sep-2024 19:50:15.200 CEST
Begin processing the 51st record. Run 1, Event 51, LumiSection 1 on stream 0 at 03-Sep-2024 19:50:16.053 CEST
Begin processing the 52nd record. Run 1, Event 52, LumiSection 1 on stream 0 at 03-Sep-2024 19:50:16.989 CEST
Begin processing the 53rd record. Run 1, Event 53, LumiSection 1 on stream 0 at 03-Sep-2024 19:50:17.792 CEST
Begin processing the 54th record. Run 1, Event 54, LumiSection 1 on stream 0 at 03-Sep-2024 19:50:19.151 CEST
Begin processing the 55th record. Run 1, Event 55, LumiSection 1 on stream 0 at 03-Sep-2024 19:50:19.943 CEST
Begin processing the 56th record. Run 1, Event 56, LumiSection 1 on stream 0 at 03-Sep-2024 19:50:20.869 CEST
Begin processing the 57th record. Run 1, Event 57, LumiSection 1 on stream 0 at 03-Sep-2024 19:50:21.743 CEST
Begin processing the 58th record. Run 1, Event 58, LumiSection 1 on stream 0 at 03-Sep-2024 19:50:22.544 CEST
Begin processing the 59th record. Run 1, Event 59, LumiSection 1 on stream 0 at 03-Sep-2024 19:50:23.668 CEST
Begin processing the 60th record. Run 1, Event 60, LumiSection 1 on stream 0 at 03-Sep-2024 19:50:24.667 CEST
Begin processing the 61st record. Run 1, Event 61, LumiSection 1 on stream 0 at 03-Sep-2024 19:50:25.508 CEST
Begin processing the 62nd record. Run 1, Event 62, LumiSection 1 on stream 0 at 03-Sep-2024 19:50:26.339 CEST
Begin processing the 63rd record. Run 1, Event 63, LumiSection 1 on stream 0 at 03-Sep-2024 19:50:27.235 CEST
Begin processing the 64th record. Run 1, Event 64, LumiSection 1 on stream 0 at 03-Sep-2024 19:50:27.980 CEST
Begin processing the 65th record. Run 1, Event 65, LumiSection 1 on stream 0 at 03-Sep-2024 19:50:28.718 CEST
Begin processing the 66th record. Run 1, Event 66, LumiSection 1 on stream 0 at 03-Sep-2024 19:50:29.707 CEST
DTTSPhi::addTracoT: preview not present in TRACO trigger or its code=0  trigger not added!
Begin processing the 67th record. Run 1, Event 67, LumiSection 1 on stream 0 at 03-Sep-2024 19:50:30.721 CEST
DTTSPhi::addTracoT: preview not present in TRACO trigger or its code=0  trigger not added!
Begin processing the 68th record. Run 1, Event 68, LumiSection 1 on stream 0 at 03-Sep-2024 19:50:31.724 CEST
DTTSPhi::addTracoT: preview not present in TRACO trigger or its code=0  trigger not added!
DTTSPhi::addTracoT: preview not present in TRACO trigger or its code=0  trigger not added!
Begin processing the 69th record. Run 1, Event 69, LumiSection 1 on stream 0 at 03-Sep-2024 19:50:32.848 CEST
Begin processing the 70th record. Run 1, Event 70, LumiSection 1 on stream 0 at 03-Sep-2024 19:50:33.816 CEST
Begin processing the 71st record. Run 1, Event 71, LumiSection 1 on stream 0 at 03-Sep-2024 19:50:34.684 CEST
Begin processing the 72nd record. Run 1, Event 72, LumiSection 1 on stream 0 at 03-Sep-2024 19:50:35.509 CEST
Begin processing the 73rd record. Run 1, Event 73, LumiSection 1 on stream 0 at 03-Sep-2024 19:50:36.459 CEST
Begin processing the 74th record. Run 1, Event 74, LumiSection 1 on stream 0 at 03-Sep-2024 19:50:37.358 CEST
Begin processing the 75th record. Run 1, Event 75, LumiSection 1 on stream 0 at 03-Sep-2024 19:50:38.146 CEST
Begin processing the 76th record. Run 1, Event 76, LumiSection 1 on stream 0 at 03-Sep-2024 19:50:39.053 CEST
Begin processing the 77th record. Run 1, Event 77, LumiSection 1 on stream 0 at 03-Sep-2024 19:50:40.195 CEST
DTTSPhi::addTracoT: preview not present in TRACO trigger or its code=0  trigger not added!
Begin processing the 78th record. Run 1, Event 78, LumiSection 1 on stream 0 at 03-Sep-2024 19:50:41.183 CEST
Begin processing the 79th record. Run 1, Event 79, LumiSection 1 on stream 0 at 03-Sep-2024 19:50:42.045 CEST
Begin processing the 80th record. Run 1, Event 80, LumiSection 1 on stream 0 at 03-Sep-2024 19:50:43.648 CEST
Begin processing the 81st record. Run 1, Event 81, LumiSection 1 on stream 0 at 03-Sep-2024 19:50:44.486 CEST
Begin processing the 82nd record. Run 1, Event 82, LumiSection 1 on stream 0 at 03-Sep-2024 19:50:45.415 CEST
Begin processing the 83rd record. Run 1, Event 83, LumiSection 1 on stream 0 at 03-Sep-2024 19:50:46.356 CEST
Begin processing the 84th record. Run 1, Event 84, LumiSection 1 on stream 0 at 03-Sep-2024 19:50:47.534 CEST
Begin processing the 85th record. Run 1, Event 85, LumiSection 1 on stream 0 at 03-Sep-2024 19:50:48.486 CEST
Begin processing the 86th record. Run 1, Event 86, LumiSection 1 on stream 0 at 03-Sep-2024 19:50:49.322 CEST
Begin processing the 87th record. Run 1, Event 87, LumiSection 1 on stream 0 at 03-Sep-2024 19:50:50.271 CEST
Begin processing the 88th record. Run 1, Event 88, LumiSection 1 on stream 0 at 03-Sep-2024 19:50:51.243 CEST
Begin processing the 89th record. Run 1, Event 89, LumiSection 1 on stream 0 at 03-Sep-2024 19:50:52.058 CEST
Begin processing the 90th record. Run 1, Event 90, LumiSection 1 on stream 0 at 03-Sep-2024 19:50:53.202 CEST
Begin processing the 91st record. Run 1, Event 91, LumiSection 1 on stream 0 at 03-Sep-2024 19:50:54.180 CEST
Begin processing the 92nd record. Run 1, Event 92, LumiSection 1 on stream 0 at 03-Sep-2024 19:50:54.968 CEST
Begin processing the 93rd record. Run 1, Event 93, LumiSection 1 on stream 0 at 03-Sep-2024 19:50:55.895 CEST
DTTSPhi::addTracoT: preview not present in TRACO trigger or its code=0  trigger not added!
Begin processing the 94th record. Run 1, Event 94, LumiSection 1 on stream 0 at 03-Sep-2024 19:50:56.898 CEST
Begin processing the 95th record. Run 1, Event 95, LumiSection 1 on stream 0 at 03-Sep-2024 19:50:57.719 CEST
Begin processing the 96th record. Run 1, Event 96, LumiSection 1 on stream 0 at 03-Sep-2024 19:50:58.706 CEST
Begin processing the 97th record. Run 1, Event 97, LumiSection 1 on stream 0 at 03-Sep-2024 19:50:59.474 CEST
Begin processing the 98th record. Run 1, Event 98, LumiSection 1 on stream 0 at 03-Sep-2024 19:51:00.331 CEST
Begin processing the 99th record. Run 1, Event 99, LumiSection 1 on stream 0 at 03-Sep-2024 19:51:01.200 CEST
Begin processing the 100th record. Run 1, Event 100, LumiSection 1 on stream 0 at 03-Sep-2024 19:51:02.174 CEST
03-Sep-2024 19:51:03 CEST  Closed file file:gensimLW.root
TimeReport> Time report complete in 474.864 seconds
 Time Summary: 
 - Min event:   0.736262
 - Max event:   135.985
 - Avg event:   2.29721
 - Total loop:  391.71
 - Total init:  82.9871
 - Total job:   474.864
 - EventSetup Lock:   0.000142813
 - EventSetup Get:   335.696
 Event Throughput: 0.255291 ev/s
 CPU Summary: 
 - Total loop:  109.004
 - Total init:  5.68256
 - Total extra: 0
 - Total job:   114.795
 Processing Summary: 
 - Number of Events:  100
 - Number of Global Begin Lumi Calls:  1
 - Number of Global Begin Run Calls: 1


=============================================

MessageLogger Summary

 type     category        sev    module        subroutine        count    total
 ---- -------------------- -- ---------------- ----------------  -----    -----
    1 TimeReport           -e AfterModEndJob                         1        1
    2 fileAction           -s file_close                             1        1
    3 fileAction           -s file_open                              2        2

 type    category    Examples: run/evt        run/evt          run/evt
 ---- -------------------- ---------------- ---------------- ----------------
    1 TimeReport           PostGlobalEndRun                  
    2 fileAction           PostGlobalEndRun                  
    3 fileAction           pre-events       pre-events       

Severity    # Occurrences   Total Occurrences
--------    -------------   -----------------
Error                   1                   1
System                  3                   3

dropped waiting message count 0
