
 *------------------------------------------------------------------------------------* 
 |                                                                                    | 
 |  *------------------------------------------------------------------------------*  | 
 |  |                                                                              |  | 
 |  |                                                                              |  | 
 |  |   PPP   Y   Y  TTTTT  H   H  III    A      Welcome to the Lund Monte Carlo!  |  | 
 |  |   P  P   Y Y     T    H   H   I    A A     This is PYTHIA version 8.240      |  | 
 |  |   PPP     Y      T    HHHHH   I   AAAAA    Last date of change: 20 Dec 2018  |  | 
 |  |   P       Y      T    H   H   I   A   A                                      |  | 
 |  |   P       Y      T    H   H  III  A   A    Now is 14 Jun 2024 at 23:14:07    |  | 
 |  |                                                                              |  | 
 |  |   Christian Bierlich;  Department of Astronomy and Theoretical Physics,      |  | 
 |  |      Lund University, Solvegatan 14A, SE-223 62 Lund, Sweden;                |  | 
 |  |      e-mail: christian.bierlich@thep.lu.se                                   |  | 
 |  |   Nishita Desai;  Department of Theoretical Physics, Tata Institute,         |  | 
 |  |      Homi Bhabha Road, Mumbai 400005, India;                                 |  | 
 |  |      e-mail: desai@theory.tifr.res.in                                        |  | 
 |  |   Ilkka Helenius;  Department of Physics, University of Jyvaskyla,           |  | 
 |  |      P.O. Box 35, FI-40014 University of Jyvaskyla, Finland;                 |  | 
 |  |      e-mail: ilkka.m.helenius@jyu.fi                                         |  | 
 |  |   Philip Ilten;  School of Physics and Astronomy,                            |  | 
 |  |      University of Birmingham, Birmingham, B152 2TT, UK;                     |  | 
 |  |      e-mail: philten@cern.ch                                                 |  | 
 |  |   Leif Lonnblad;  Department of Astronomy and Theoretical Physics,           |  | 
 |  |      Lund University, Solvegatan 14A, SE-223 62 Lund, Sweden;                |  | 
 |  |      e-mail: leif.lonnblad@thep.lu.se                                        |  | 
 |  |   Stephen Mrenna;  Computing Division, Simulations Group,                    |  | 
 |  |      Fermi National Accelerator Laboratory, MS 234, Batavia, IL 60510, USA;  |  | 
 |  |      e-mail: mrenna@fnal.gov                                                 |  | 
 |  |   Stefan Prestel;  Department of Astronomy and Theoretical Physics,          |  | 
 |  |      Lund University, Solvegatan 14A, SE-223 62 Lund, Sweden;                |  | 
 |  |      e-mail: stefan.prestel@thep.lu.se                                       |  | 
 |  |   Christine O. Rasmussen;  Department of Astronomy and Theoretical Physics,  |  | 
 |  |      Lund University, Solvegatan 14A, SE-223 62 Lund, Sweden;                |  | 
 |  |      e-mail: christine.rasmussen@thep.lu.se                                  |  | 
 |  |   Torbjorn Sjostrand;  Department of Astronomy and Theoretical Physics,      |  | 
 |  |      Lund University, Solvegatan 14A, SE-223 62 Lund, Sweden;                |  | 
 |  |      e-mail: torbjorn@thep.lu.se                                             |  | 
 |  |   Peter Skands;  School of Physics,                                          |  | 
 |  |      Monash University, PO Box 27, 3800 Melbourne, Australia;                |  | 
 |  |      e-mail: peter.skands@monash.edu                                         |  | 
 |  |                                                                              |  | 
 |  |   The main program reference is 'An Introduction to PYTHIA 8.2',             |  | 
 |  |   T. Sjostrand et al, Comput. Phys. Commun. 191 (2015) 159                   |  | 
 |  |   [arXiv:1410.3012 [hep-ph]]                                                 |  | 
 |  |                                                                              |  | 
 |  |   The main physics reference is the 'PYTHIA 6.4 Physics and Manual',         |  | 
 |  |   T. Sjostrand, S. Mrenna and P. Skands, JHEP05 (2006) 026 [hep-ph/0603175]  |  | 
 |  |                                                                              |  | 
 |  |   An archive of program versions and documentation is found on the web:      |  | 
 |  |   http://www.thep.lu.se/Pythia                                               |  | 
 |  |                                                                              |  | 
 |  |   This program is released under the GNU General Public Licence version 2.   |  | 
 |  |   Please respect the MCnet Guidelines for Event Generator Authors and Users. |  | 
 |  |                                                                              |  | 
 |  |   Disclaimer: this program comes without any guarantees.                     |  | 
 |  |   Beware of errors and use common sense when interpreting results.           |  | 
 |  |                                                                              |  | 
 |  |   Copyright (C) 2018 Torbjorn Sjostrand                                      |  | 
 |  |                                                                              |  | 
 |  |                                                                              |  | 
 |  *------------------------------------------------------------------------------*  | 
 |                                                                                    | 
 *------------------------------------------------------------------------------------* 


 *------------------------------------------------------------------------------------* 
 |                                                                                    | 
 |  *------------------------------------------------------------------------------*  | 
 |  |                                                                              |  | 
 |  |                                                                              |  | 
 |  |   PPP   Y   Y  TTTTT  H   H  III    A      Welcome to the Lund Monte Carlo!  |  | 
 |  |   P  P   Y Y     T    H   H   I    A A     This is PYTHIA version 8.240      |  | 
 |  |   PPP     Y      T    HHHHH   I   AAAAA    Last date of change: 20 Dec 2018  |  | 
 |  |   P       Y      T    H   H   I   A   A                                      |  | 
 |  |   P       Y      T    H   H  III  A   A    Now is 14 Jun 2024 at 23:14:07    |  | 
 |  |                                                                              |  | 
 |  |   Christian Bierlich;  Department of Astronomy and Theoretical Physics,      |  | 
 |  |      Lund University, Solvegatan 14A, SE-223 62 Lund, Sweden;                |  | 
 |  |      e-mail: christian.bierlich@thep.lu.se                                   |  | 
 |  |   Nishita Desai;  Department of Theoretical Physics, Tata Institute,         |  | 
 |  |      Homi Bhabha Road, Mumbai 400005, India;                                 |  | 
 |  |      e-mail: desai@theory.tifr.res.in                                        |  | 
 |  |   Ilkka Helenius;  Department of Physics, University of Jyvaskyla,           |  | 
 |  |      P.O. Box 35, FI-40014 University of Jyvaskyla, Finland;                 |  | 
 |  |      e-mail: ilkka.m.helenius@jyu.fi                                         |  | 
 |  |   Philip Ilten;  School of Physics and Astronomy,                            |  | 
 |  |      University of Birmingham, Birmingham, B152 2TT, UK;                     |  | 
 |  |      e-mail: philten@cern.ch                                                 |  | 
 |  |   Leif Lonnblad;  Department of Astronomy and Theoretical Physics,           |  | 
 |  |      Lund University, Solvegatan 14A, SE-223 62 Lund, Sweden;                |  | 
 |  |      e-mail: leif.lonnblad@thep.lu.se                                        |  | 
 |  |   Stephen Mrenna;  Computing Division, Simulations Group,                    |  | 
 |  |      Fermi National Accelerator Laboratory, MS 234, Batavia, IL 60510, USA;  |  | 
 |  |      e-mail: mrenna@fnal.gov                                                 |  | 
 |  |   Stefan Prestel;  Department of Astronomy and Theoretical Physics,          |  | 
 |  |      Lund University, Solvegatan 14A, SE-223 62 Lund, Sweden;                |  | 
 |  |      e-mail: stefan.prestel@thep.lu.se                                       |  | 
 |  |   Christine O. Rasmussen;  Department of Astronomy and Theoretical Physics,  |  | 
 |  |      Lund University, Solvegatan 14A, SE-223 62 Lund, Sweden;                |  | 
 |  |      e-mail: christine.rasmussen@thep.lu.se                                  |  | 
 |  |   Torbjorn Sjostrand;  Department of Astronomy and Theoretical Physics,      |  | 
 |  |      Lund University, Solvegatan 14A, SE-223 62 Lund, Sweden;                |  | 
 |  |      e-mail: torbjorn@thep.lu.se                                             |  | 
 |  |   Peter Skands;  School of Physics,                                          |  | 
 |  |      Monash University, PO Box 27, 3800 Melbourne, Australia;                |  | 
 |  |      e-mail: peter.skands@monash.edu                                         |  | 
 |  |                                                                              |  | 
 |  |   The main program reference is 'An Introduction to PYTHIA 8.2',             |  | 
 |  |   T. Sjostrand et al, Comput. Phys. Commun. 191 (2015) 159                   |  | 
 |  |   [arXiv:1410.3012 [hep-ph]]                                                 |  | 
 |  |                                                                              |  | 
 |  |   The main physics reference is the 'PYTHIA 6.4 Physics and Manual',         |  | 
 |  |   T. Sjostrand, S. Mrenna and P. Skands, JHEP05 (2006) 026 [hep-ph/0603175]  |  | 
 |  |                                                                              |  | 
 |  |   An archive of program versions and documentation is found on the web:      |  | 
 |  |   http://www.thep.lu.se/Pythia                                               |  | 
 |  |                                                                              |  | 
 |  |   This program is released under the GNU General Public Licence version 2.   |  | 
 |  |   Please respect the MCnet Guidelines for Event Generator Authors and Users. |  | 
 |  |                                                                              |  | 
 |  |   Disclaimer: this program comes without any guarantees.                     |  | 
 |  |   Beware of errors and use common sense when interpreting results.           |  | 
 |  |                                                                              |  | 
 |  |   Copyright (C) 2018 Torbjorn Sjostrand                                      |  | 
 |  |                                                                              |  | 
 |  |                                                                              |  | 
 |  *------------------------------------------------------------------------------*  | 
 |                                                                                    | 
 *------------------------------------------------------------------------------------* 

 *-----------------------  SusyLesHouches SUSY/BSM Interface  ------------------------*
 | Last Change 12 Apr 2017 - P. Skands
 | (SLHA::readFile) line 38 - storing non-SLHA(2) block: yukawa
 | (SLHA::readFile) line 44 - storing QNUMBERS for id = 556  lwe- 
 *------------------------------------------------------------------------------------*
 PYTHIA Info from SLHAinterface::initSLHA: No MODSEL found, keeping internal SUSY switched off  
 PYTHIA Warning in SLHAinterface::initSLHA: ignoring QNUMBERS for id = 556 (already exists)
 PYTHIA Info from SLHAinterface::initSLHA: importing MASS entries for id = {25}
 PYTHIA Warning in SLHAinterface::initSLHA: ignoring MASS entries for id = {1,2,3,4,5,6,11,12,13,14,15,16,21,22,23,24,556} (SLHA:keepSM. Use id > 1000000 for new particles)
 PYTHIA Warning in SLHAinterface::initSLHA: ignoring DECAY tables for id = {1,2,3,4,5,6,11,12,13,14,15,16,21,22,23,24,556} (SLHA:keepSM. Use id > 1000000 for new particles)
 PYTHIA Warning in SLHAinterface::initSLHA: ignoring empty DECAY tables for id = {25} (total width provided but no Branching Ratios)

 *-------  PYTHIA Process Initialization  --------------------------*
 |                                                                  |
 | We collide p+ with p+ at a CM energy of 1.300e+04 GeV            |
 |                                                                  |
 |------------------------------------------------------------------|
 |                                                    |             |
 | Subprocess                                    Code |   Estimated |
 |                                                    |    max (mb) |
 |                                                    |             |
 |------------------------------------------------------------------|
 |                                                    |             |
 | Les Houches User Process(es)                  9999 |   1.000e-09 |
 |                                                                  |
 *-------  End PYTHIA Process Initialization -----------------------*

 *-------  PYTHIA Multiparton Interactions Initialization  ---------* 
 |                                                                  | 
 |                   sigmaNonDiffractive =    56.42 mb              | 
 |                                                                  | 
 |    pT0 =  3.04 gives sigmaInteraction =   320.06 mb: accepted    | 
 |                                                                  | 
 *-------  End PYTHIA Multiparton Interactions Initialization  -----* 

 *-------  PYTHIA Flag + Mode + Parm + Word + FVec + MVec + PVec + WVec Settings (changes only)  ------------------* 
 |                                                                                                                 | 
 | Name                                          |                      Now |      Default         Min         Max | 
 |                                               |                          |                                      | 
 | BeamRemnants:halfScaleForKT                   |                  1.00000 |      1.50000         0.0             | 
 | BeamRemnants:primordialKThard                 |                  2.00000 |      1.80000         0.0             | 
 | BeamRemnants:primordialKTsoft                 |                  0.50000 |      0.90000         0.0             | 
 | Beams:frameType                               |                        5 |            1           1           5 | 
 | ColourReconnection:range                      |                  1.50000 |      1.80000         0.0    10.00000 | 
 | Diffraction:largeMassSuppress                 |                  2.00000 |      4.00000         0.0             | 
 | MultipartonInteractions:alphaSvalue           |                  0.13500 |      0.13000   0.0600000     0.25000 | 
 | MultipartonInteractions:ecmPow                |                  0.19000 |      0.21500         0.0     0.50000 | 
 | MultipartonInteractions:ecmRef                |                 1800.000 |     7000.000     1.00000             | 
 | MultipartonInteractions:expPow                |                  2.00000 |      1.85000     0.40000    10.00000 | 
 | MultipartonInteractions:pT0Ref                |                  2.08500 |      2.28000     0.50000    10.00000 | 
 | Next:numberShowEvent                          |                        0 |            1           0             | 
 | PDF:pSet                                      |                        5 |           13                         | 
 | SigmaProcess:alphaSvalue                      |                  0.13500 |      0.13000   0.0600000     0.25000 | 
 | SpaceShower:alphaSvalue                       |                  0.13700 |      0.13650   0.0600000     0.25000 | 
 | SpaceShower:ecmRef                            |                 1800.000 |     7000.000     1.00000             | 
 | StringFlav:etaSup                             |                  0.63000 |      0.60000         0.0     1.00000 | 
 | StringFlav:mesonBvector                       |                  3.00000 |      2.20000         0.0     3.00000 | 
 | StringFlav:mesonCvector                       |                  1.06000 |      0.88000         0.0     3.00000 | 
 | StringFlav:mesonSvector                       |                  0.72500 |      0.55000         0.0     3.00000 | 
 | StringFlav:mesonUDvector                      |                  0.62000 |      0.50000         0.0     3.00000 | 
 | StringFlav:popcornSpair                       |                  0.50000 |      0.90000         0.0     1.00000 | 
 | StringFlav:probQQ1toQQ0                       |                0.0270000 |    0.0275000         0.0     1.00000 | 
 | StringFlav:probQQtoQ                          |                0.0900000 |    0.0810000         0.0     1.00000 | 
 | StringFlav:probSQtoQQ                         |                  1.00000 |      0.91500         0.0     1.00000 | 
 | StringFlav:probStoUD                          |                  0.19000 |      0.21700         0.0     1.00000 | 
 | StringPT:sigma                                |                  0.30400 |      0.33500         0.0     1.00000 | 
 | StringZ:aExtraDiquark                         |                  0.50000 |      0.97000         0.0     2.00000 | 
 | StringZ:aLund                                 |                  0.30000 |      0.68000         0.0     2.00000 | 
 | StringZ:bLund                                 |                  0.80000 |      0.98000     0.20000     2.00000 | 
 | StringZ:rFactB                                |                  0.67000 |      0.85500         0.0     2.00000 | 
 | StringZ:rFactC                                |                  1.00000 |      1.32000         0.0     2.00000 | 
 | TimeShower:alphaSvalue                        |                  0.13830 |      0.13650   0.0600000     0.25000 | 
 | TimeShower:pTmin                              |                  0.40000 |      0.50000     0.10000     2.00000 | 
 | TimeShower:pTminChgQ                          |                  0.40000 |      0.50000     0.10000     2.00000 | 
 | Tune:ee                                       |                        3 |            7          -1           7 | 
 | Tune:pp                                       |                        5 |           14          -1          34 | 
 |                                                                                                                 | 
 *-------  End PYTHIA Flag + Mode + Parm + Word + FVec + MVec + PVec + WVec Settings  -----------------------------* 

 --------  PYTHIA Particle Data Table (changed only)  ------------------------------------------------------------------------------
 
      id   name            antiName         spn chg col      m0        mWidth      mMin       mMax       tau0    res dec ext vis wid
             no onMode   bRatio   meMode     products 

      23  Z0                                  3   0   0   91.18760    1.75371   10.00000    0.00000  1.12520e-13   0   1   0   0   0
              0     1   0.2203092    0        1       -1 
              1     1   0.1708904    0        2       -2 
              2     1   0.2202940    0        3       -3 
              3     1   0.1706601    0        4       -4 
              4     1   0.2178462    0        5       -5 

      25  h0                                  1   0   0  125.00000    0.00405  124.97965  125.02035  4.87447e-11   1   1   0   0   0
              0     1   0.0000009    0        1       -1 
              1     1   0.0000002    0        2       -2 
              2     1   0.0002185    0        3       -3 
              3     1   0.0291006    0        4       -4 
              4     1   0.5819110    0        5       -5 
              5     1   0.0000000    0        6       -6 
              6     1   0.0000000    0       11      -11 
              7     1   0.0002204    0       13      -13 
              8     1   0.0634043    0       15      -15 
              9     1   0.0857788    0       21       21 
             10     1   0.0023165    0       22       22 
             11     1   0.0016296    0       22       23 
             12     1   0.0174478    0       23       23 
             13     1   0.2179714    0       24      -24 
             14     1   0.0000000  103  1000022  1000022 
             15     1   0.0000000  103  1000023  1000022 
             16     1   0.0000000  103  1000023  1000023 
             17     1   0.0000000  103  1000025  1000022 
             18     1   0.0000000  103  1000025  1000023 
             19     1   0.0000000  103  1000025  1000025 
             20     1   0.0000000  103  1000035  1000022 
             21     1   0.0000000  103  1000035  1000023 
             22     1   0.0000000  103  1000035  1000025 
             23     1   0.0000000  103  1000035  1000035 
             24     1   0.0000000  103  1000024 -1000024 
             25     1   0.0000000  103  1000024 -1000037 
             26     1   0.0000000  103  1000037 -1000024 
             27     1   0.0000000  103  1000037 -1000037 
             28     1   0.0000000  103  1000001 -1000001 
             29     1   0.0000000  103  2000001 -2000001 
             30     1   0.0000000  103  1000001 -2000001 
             31     1   0.0000000  103 -1000001  2000001 
             32     1   0.0000000  103  1000002 -1000002 
             33     1   0.0000000  103  2000002 -2000002 
             34     1   0.0000000  103  1000002 -2000002 
             35     1   0.0000000  103 -1000002  2000002 
             36     1   0.0000000  103  1000003 -1000003 
             37     1   0.0000000  103  2000003 -2000003 
             38     1   0.0000000  103  1000003 -2000003 
             39     1   0.0000000  103 -1000003  2000003 
             40     1   0.0000000  103  1000004 -1000004 
             41     1   0.0000000  103  2000004 -2000004 
             42     1   0.0000000  103  1000004 -2000004 
             43     1   0.0000000  103 -1000004  2000004 
             44     1   0.0000000  103  1000005 -1000005 
             45     1   0.0000000  103  2000005 -2000005 
             46     1   0.0000000  103  1000005 -2000005 
             47     1   0.0000000  103 -1000005  2000005 
             48     1   0.0000000  103  1000006 -1000006 
             49     1   0.0000000  103  2000006 -2000006 
             50     1   0.0000000  103  1000006 -2000006 
             51     1   0.0000000  103 -1000006  2000006 
             52     1   0.0000000  103  1000011 -1000011 
             53     1   0.0000000  103  2000011 -2000011 
             54     1   0.0000000  103  1000011 -2000011 
             55     1   0.0000000  103 -1000011  2000011 
             56     1   0.0000000  103  1000012 -1000012 
             57     1   0.0000000  103  2000012 -2000012 
             58     1   0.0000000  103  1000012 -2000012 
             59     1   0.0000000  103 -1000012  2000012 
             60     1   0.0000000  103  1000013 -1000013 
             61     1   0.0000000  103  2000013 -2000013 
             62     1   0.0000000  103  1000013 -2000013 
             63     1   0.0000000  103 -1000013  2000013 
             64     1   0.0000000  103  1000014 -1000014 
             65     1   0.0000000  103  2000014 -2000014 
             66     1   0.0000000  103  1000014 -2000014 
             67     1   0.0000000  103 -1000014  2000014 
             68     1   0.0000000  103  1000015 -1000015 
             69     1   0.0000000  103  2000015 -2000015 
             70     1   0.0000000  103  1000015 -2000015 
             71     1   0.0000000  103 -1000015  2000015 
             72     1   0.0000000  103  1000016 -1000016 
             73     1   0.0000000  103  2000016 -2000016 
             74     1   0.0000000  103  1000016 -2000016 
             75     1   0.0000000  103 -1000016  2000016 

     556  lwe-             lwe+               2  -3   0  200.00000    0.00000  200.00000  200.00000  2.70765e-02   0   1   0   0   0
              0     1   1.0000000  100       23       11 

 1000001  ~d_1             ~d_1bar            1  -1   1  500.00000    0.00000   50.00000    0.00000  0.00000e+00   1   0   0   1   0
              0     1   0.0000000  103  1000039        1 
              1     1   0.0000000  103  1000039        3 
              2     1   0.0000000  103  1000039        5 
              3     1   0.0000000    0 -1000024        2 
              4     1   0.0000000    0 -1000037        2 
              5     1   0.0000000    0 -1000024        4 
              6     1   0.0000000    0 -1000037        4 
              7     1   0.0000000    0 -1000024        6 
              8     1   0.0000000    0 -1000037        6 
              9     1   0.0000000    0  1000022        1 
             10     1   0.0000000    0  1000022        3 
             11     1   0.0000000    0  1000022        5 
             12     1   0.0000000    0  1000023        1 
             13     1   0.0000000    0  1000023        3 
             14     1   0.0000000    0  1000023        5 
             15     1   0.0000000    0  1000025        1 
             16     1   0.0000000    0  1000025        3 
             17     1   0.0000000    0  1000025        5 
             18     1   0.0000000    0  1000035        1 
             19     1   0.0000000    0  1000035        3 
             20     1   0.0000000    0  1000035        5 
             21     1   0.0000000    0  1000002      -24 
             22     1   0.0000000    0  1000004      -24 
             23     1   0.0000000    0  1000006      -24 
             24     1   0.0000000    0  2000002      -24 
             25     1   0.0000000    0  2000004      -24 
             26     1   0.0000000    0  2000006      -24 
             27     1   0.0000000    0  1000002      -37 
             28     1   0.0000000    0  1000004      -37 
             29     1   0.0000000    0  1000006      -37 
             30     1   0.0000000    0  2000002      -37 
             31     1   0.0000000    0  2000004      -37 
             32     1   0.0000000    0  2000006      -37 
             33     1   0.0000000    0  1000021        1 
             34     1   0.0000000    0  1000021        2 
             35     1   0.0000000    0  1000021        5 
             36     1   0.0000000    0      -12        1 
             37     1   0.0000000    0      -12        3 
             38     1   0.0000000    0      -12        5 
             39     1   0.0000000    0      -14        1 
             40     1   0.0000000    0      -14        3 
             41     1   0.0000000    0      -14        5 
             42     1   0.0000000    0      -16        1 
             43     1   0.0000000    0      -16        3 
             44     1   0.0000000    0      -16        5 
             45     1   0.0000000    0       12        1 
             46     1   0.0000000    0       11        2 
             47     1   0.0000000    0       12        3 
             48     1   0.0000000    0       11        4 
             49     1   0.0000000    0       12        5 
             50     1   0.0000000    0       11        6 
             51     1   0.0000000    0       14        1 
             52     1   0.0000000    0       13        2 
             53     1   0.0000000    0       14        3 
             54     1   0.0000000    0       13        4 
             55     1   0.0000000    0       14        5 
             56     1   0.0000000    0       13        6 
             57     1   0.0000000    0       16        1 
             58     1   0.0000000    0       15        2 
             59     1   0.0000000    0       16        3 
             60     1   0.0000000    0       15        4 
             61     1   0.0000000    0       16        5 
             62     1   0.0000000    0       15        6 
             63     1   0.0000000    0       -2       -3 
             64     1   0.0000000    0       -2       -5 
             65     1   0.0000000    0       -4       -3 
             66     1   0.0000000    0       -4       -5 
             67     1   0.0000000    0       -6       -3 
             68     1   0.0000000    0       -6       -5 

 1000002  ~u_1             ~u_1bar            1   2   1  500.00000    0.00000   50.00000    0.00000  0.00000e+00   1   0   0   1   0
              0     1   0.0000000  103  1000039        2 
              1     1   0.0000000  103  1000039        4 
              2     1   0.0000000  103  1000039        6 
              3     1   0.0000000    0  1000024        1 
              4     1   0.0000000    0  1000024        3 
              5     1   0.0000000    0  1000024        5 
              6     1   0.0000000    0  1000037        1 
              7     1   0.0000000    0  1000037        3 
              8     1   0.0000000    0  1000037        5 
              9     1   0.0000000    0  1000022        2 
             10     1   0.0000000    0  1000022        4 
             11     1   0.0000000    0  1000022        6 
             12     1   0.0000000    0  1000023        2 
             13     1   0.0000000    0  1000023        4 
             14     1   0.0000000    0  1000023        6 
             15     1   0.0000000    0  1000025        2 
             16     1   0.0000000    0  1000025        4 
             17     1   0.0000000    0  1000025        6 
             18     1   0.0000000    0  1000035        2 
             19     1   0.0000000    0  1000035        4 
             20     1   0.0000000    0  1000035        6 
             21     1   0.0000000    0  1000001      -24 
             22     1   0.0000000    0  1000003      -24 
             23     1   0.0000000    0  1000005      -24 
             24     1   0.0000000    0  2000001      -24 
             25     1   0.0000000    0  2000003      -24 
             26     1   0.0000000    0  2000005      -24 
             27     1   0.0000000    0  1000001      -37 
             28     1   0.0000000    0  1000003      -37 
             29     1   0.0000000    0  1000005      -37 
             30     1   0.0000000    0  2000001      -37 
             31     1   0.0000000    0  2000003      -37 
             32     1   0.0000000    0  2000005      -37 
             33     1   0.0000000    0  1000021        2 
             34     1   0.0000000    0  1000021        4 
             35     1   0.0000000    0  1000021        6 
             36     1   0.0000000    0      -11        1 
             37     1   0.0000000    0      -11        3 
             38     1   0.0000000    0      -11        5 
             39     1   0.0000000    0      -13        1 
             40     1   0.0000000    0      -13        3 
             41     1   0.0000000    0      -13        5 
             42     1   0.0000000    0      -15        1 
             43     1   0.0000000    0      -15        3 
             44     1   0.0000000    0      -15        5 
             45     1   0.0000000    0       -1       -3 
             46     1   0.0000000    0       -1       -5 
             47     1   0.0000000    0       -3       -5 

 1000003  ~d_2             ~d_2bar            1  -1   1  500.00000    0.00000   50.00000    0.00000  0.00000e+00   1   0   0   1   0
              0     1   0.0000000  103  1000039        1 
              1     1   0.0000000  103  1000039        3 
              2     1   0.0000000  103  1000039        5 
              3     1   0.0000000    0 -1000024        2 
              4     1   0.0000000    0 -1000037        2 
              5     1   0.0000000    0 -1000024        4 
              6     1   0.0000000    0 -1000037        4 
              7     1   0.0000000    0 -1000024        6 
              8     1   0.0000000    0 -1000037        6 
              9     1   0.0000000    0  1000022        1 
             10     1   0.0000000    0  1000022        3 
             11     1   0.0000000    0  1000022        5 
             12     1   0.0000000    0  1000023        1 
             13     1   0.0000000    0  1000023        3 
             14     1   0.0000000    0  1000023        5 
             15     1   0.0000000    0  1000025        1 
             16     1   0.0000000    0  1000025        3 
             17     1   0.0000000    0  1000025        5 
             18     1   0.0000000    0  1000035        1 
             19     1   0.0000000    0  1000035        3 
             20     1   0.0000000    0  1000035        5 
             21     1   0.0000000    0  1000002      -24 
             22     1   0.0000000    0  1000004      -24 
             23     1   0.0000000    0  1000006      -24 
             24     1   0.0000000    0  2000002      -24 
             25     1   0.0000000    0  2000004      -24 
             26     1   0.0000000    0  2000006      -24 
             27     1   0.0000000    0  1000002      -37 
             28     1   0.0000000    0  1000004      -37 
             29     1   0.0000000    0  1000006      -37 
             30     1   0.0000000    0  2000002      -37 
             31     1   0.0000000    0  2000004      -37 
             32     1   0.0000000    0  2000006      -37 
             33     1   0.0000000    0  1000021        1 
             34     1   0.0000000    0  1000021        2 
             35     1   0.0000000    0  1000021        5 
             36     1   0.0000000    0      -12        1 
             37     1   0.0000000    0      -12        3 
             38     1   0.0000000    0      -12        5 
             39     1   0.0000000    0      -14        1 
             40     1   0.0000000    0      -14        3 
             41     1   0.0000000    0      -14        5 
             42     1   0.0000000    0      -16        1 
             43     1   0.0000000    0      -16        3 
             44     1   0.0000000    0      -16        5 
             45     1   0.0000000    0       12        1 
             46     1   0.0000000    0       11        2 
             47     1   0.0000000    0       12        3 
             48     1   0.0000000    0       11        4 
             49     1   0.0000000    0       12        5 
             50     1   0.0000000    0       11        6 
             51     1   0.0000000    0       14        1 
             52     1   0.0000000    0       13        2 
             53     1   0.0000000    0       14        3 
             54     1   0.0000000    0       13        4 
             55     1   0.0000000    0       14        5 
             56     1   0.0000000    0       13        6 
             57     1   0.0000000    0       16        1 
             58     1   0.0000000    0       15        2 
             59     1   0.0000000    0       16        3 
             60     1   0.0000000    0       15        4 
             61     1   0.0000000    0       16        5 
             62     1   0.0000000    0       15        6 
             63     1   0.0000000    0       -2       -1 
             64     1   0.0000000    0       -2       -5 
             65     1   0.0000000    0       -4       -1 
             66     1   0.0000000    0       -4       -5 
             67     1   0.0000000    0       -6       -1 
             68     1   0.0000000    0       -6       -5 

 1000004  ~u_2             ~u_2bar            1   2   1  500.00000    0.00000   50.00000    0.00000  0.00000e+00   1   0   0   1   0
              0     1   0.0000000  103  1000039        2 
              1     1   0.0000000  103  1000039        4 
              2     1   0.0000000  103  1000039        6 
              3     1   0.0000000    0  1000024        1 
              4     1   0.0000000    0  1000024        3 
              5     1   0.0000000    0  1000024        5 
              6     1   0.0000000    0  1000037        1 
              7     1   0.0000000    0  1000037        3 
              8     1   0.0000000    0  1000037        5 
              9     1   0.0000000    0  1000022        2 
             10     1   0.0000000    0  1000022        4 
             11     1   0.0000000    0  1000022        6 
             12     1   0.0000000    0  1000023        2 
             13     1   0.0000000    0  1000023        4 
             14     1   0.0000000    0  1000023        6 
             15     1   0.0000000    0  1000025        2 
             16     1   0.0000000    0  1000025        4 
             17     1   0.0000000    0  1000025        6 
             18     1   0.0000000    0  1000035        2 
             19     1   0.0000000    0  1000035        4 
             20     1   0.0000000    0  1000035        6 
             21     1   0.0000000    0  1000001      -24 
             22     1   0.0000000    0  1000003      -24 
             23     1   0.0000000    0  1000005      -24 
             24     1   0.0000000    0  2000001      -24 
             25     1   0.0000000    0  2000003      -24 
             26     1   0.0000000    0  2000005      -24 
             27     1   0.0000000    0  1000001      -37 
             28     1   0.0000000    0  1000003      -37 
             29     1   0.0000000    0  1000005      -37 
             30     1   0.0000000    0  2000001      -37 
             31     1   0.0000000    0  2000003      -37 
             32     1   0.0000000    0  2000005      -37 
             33     1   0.0000000    0  1000021        2 
             34     1   0.0000000    0  1000021        4 
             35     1   0.0000000    0  1000021        6 
             36     1   0.0000000    0      -11        1 
             37     1   0.0000000    0      -11        3 
             38     1   0.0000000    0      -11        5 
             39     1   0.0000000    0      -13        1 
             40     1   0.0000000    0      -13        3 
             41     1   0.0000000    0      -13        5 
             42     1   0.0000000    0      -15        1 
             43     1   0.0000000    0      -15        3 
             44     1   0.0000000    0      -15        5 
             45     1   0.0000000    0       -1       -3 
             46     1   0.0000000    0       -1       -5 
             47     1   0.0000000    0       -3       -5 

 1000005  ~d_3             ~d_3bar            1  -1   1  500.00000    0.00000   50.00000    0.00000  0.00000e+00   1   0   0   1   0
              0     1   0.0000000  103  1000039        1 
              1     1   0.0000000  103  1000039        3 
              2     1   0.0000000  103  1000039        5 
              3     1   0.0000000    0 -1000024        2 
              4     1   0.0000000    0 -1000037        2 
              5     1   0.0000000    0 -1000024        4 
              6     1   0.0000000    0 -1000037        4 
              7     1   0.0000000    0 -1000024        6 
              8     1   0.0000000    0 -1000037        6 
              9     1   0.0000000    0  1000022        1 
             10     1   0.0000000    0  1000022        3 
             11     1   0.0000000    0  1000022        5 
             12     1   0.0000000    0  1000023        1 
             13     1   0.0000000    0  1000023        3 
             14     1   0.0000000    0  1000023        5 
             15     1   0.0000000    0  1000025        1 
             16     1   0.0000000    0  1000025        3 
             17     1   0.0000000    0  1000025        5 
             18     1   0.0000000    0  1000035        1 
             19     1   0.0000000    0  1000035        3 
             20     1   0.0000000    0  1000035        5 
             21     1   0.0000000    0  1000002      -24 
             22     1   0.0000000    0  1000004      -24 
             23     1   0.0000000    0  1000006      -24 
             24     1   0.0000000    0  2000002      -24 
             25     1   0.0000000    0  2000004      -24 
             26     1   0.0000000    0  2000006      -24 
             27     1   0.0000000    0  1000002      -37 
             28     1   0.0000000    0  1000004      -37 
             29     1   0.0000000    0  1000006      -37 
             30     1   0.0000000    0  2000002      -37 
             31     1   0.0000000    0  2000004      -37 
             32     1   0.0000000    0  2000006      -37 
             33     1   0.0000000    0  1000021        1 
             34     1   0.0000000    0  1000021        2 
             35     1   0.0000000    0  1000021        5 
             36     1   0.0000000    0      -12        1 
             37     1   0.0000000    0      -12        3 
             38     1   0.0000000    0      -12        5 
             39     1   0.0000000    0      -14        1 
             40     1   0.0000000    0      -14        3 
             41     1   0.0000000    0      -14        5 
             42     1   0.0000000    0      -16        1 
             43     1   0.0000000    0      -16        3 
             44     1   0.0000000    0      -16        5 
             45     1   0.0000000    0       12        1 
             46     1   0.0000000    0       11        2 
             47     1   0.0000000    0       12        3 
             48     1   0.0000000    0       11        4 
             49     1   0.0000000    0       12        5 
             50     1   0.0000000    0       11        6 
             51     1   0.0000000    0       14        1 
             52     1   0.0000000    0       13        2 
             53     1   0.0000000    0       14        3 
             54     1   0.0000000    0       13        4 
             55     1   0.0000000    0       14        5 
             56     1   0.0000000    0       13        6 
             57     1   0.0000000    0       16        1 
             58     1   0.0000000    0       15        2 
             59     1   0.0000000    0       16        3 
             60     1   0.0000000    0       15        4 
             61     1   0.0000000    0       16        5 
             62     1   0.0000000    0       15        6 
             63     1   0.0000000    0       -2       -1 
             64     1   0.0000000    0       -2       -3 
             65     1   0.0000000    0       -4       -1 
             66     1   0.0000000    0       -4       -3 
             67     1   0.0000000    0       -6       -1 
             68     1   0.0000000    0       -6       -3 

 1000006  ~u_3             ~u_3bar            1   2   1  500.00000    0.00000   50.00000    0.00000  0.00000e+00   1   0   0   1   0
              0     1   0.0000000  103  1000039        2 
              1     1   0.0000000  103  1000039        4 
              2     1   0.0000000  103  1000039        6 
              3     1   0.0000000    0  1000024        1 
              4     1   0.0000000    0  1000024        3 
              5     1   0.0000000    0  1000024        5 
              6     1   0.0000000    0  1000037        1 
              7     1   0.0000000    0  1000037        3 
              8     1   0.0000000    0  1000037        5 
              9     1   0.0000000    0  1000022        2 
             10     1   0.0000000    0  1000022        4 
             11     1   0.0000000    0  1000022        6 
             12     1   0.0000000    0  1000023        2 
             13     1   0.0000000    0  1000023        4 
             14     1   0.0000000    0  1000023        6 
             15     1   0.0000000    0  1000025        2 
             16     1   0.0000000    0  1000025        4 
             17     1   0.0000000    0  1000025        6 
             18     1   0.0000000    0  1000035        2 
             19     1   0.0000000    0  1000035        4 
             20     1   0.0000000    0  1000035        6 
             21     1   0.0000000    0  1000001      -24 
             22     1   0.0000000    0  1000003      -24 
             23     1   0.0000000    0  1000005      -24 
             24     1   0.0000000    0  2000001      -24 
             25     1   0.0000000    0  2000003      -24 
             26     1   0.0000000    0  2000005      -24 
             27     1   0.0000000    0  1000001      -37 
             28     1   0.0000000    0  1000003      -37 
             29     1   0.0000000    0  1000005      -37 
             30     1   0.0000000    0  2000001      -37 
             31     1   0.0000000    0  2000003      -37 
             32     1   0.0000000    0  2000005      -37 
             33     1   0.0000000    0  1000021        2 
             34     1   0.0000000    0  1000021        4 
             35     1   0.0000000    0  1000021        6 
             36     1   0.0000000    0      -11        1 
             37     1   0.0000000    0      -11        3 
             38     1   0.0000000    0      -11        5 
             39     1   0.0000000    0      -13        1 
             40     1   0.0000000    0      -13        3 
             41     1   0.0000000    0      -13        5 
             42     1   0.0000000    0      -15        1 
             43     1   0.0000000    0      -15        3 
             44     1   0.0000000    0      -15        5 
             45     1   0.0000000    0       -1       -3 
             46     1   0.0000000    0       -1       -5 
             47     1   0.0000000    0       -3       -5 

 1000011  ~e_1-            ~e_1+              1  -3   0  500.00000    0.00000   50.00000    0.00000  0.00000e+00   1   0   0   1   0
              0     1   0.0000000  103  1000039       11 
              1     1   0.0000000    0 -1000024       12 
              2     1   0.0000000    0 -1000037       12 
              3     1   0.0000000    0  1000022       11 
              4     1   0.0000000    0  1000023       11 
              5     1   0.0000000    0  1000025       11 
              6     1   0.0000000    0  1000035       11 
              7     1   0.0000000    0  1000012      -24 
              8     1   0.0000000    0  2000012      -24 
              9     1   0.0000000    0  1000012      -37 
             10     1   0.0000000    0       12       13 
             11     1   0.0000000    0       12       15 
             12     1   0.0000000    0       14       11 
             13     1   0.0000000    0       14       15 
             14     1   0.0000000    0       16       11 
             15     1   0.0000000    0       16       13 
             16     1   0.0000000    0      -14       11 
             17     1   0.0000000    0      -14       13 
             18     1   0.0000000    0      -14       15 
             19     1   0.0000000    0      -16       11 
             20     1   0.0000000    0      -16       13 
             21     1   0.0000000    0      -16       15 
             22     1   0.0000000    0       -2        1 
             23     1   0.0000000    0       -2        3 
             24     1   0.0000000    0       -2        5 
             25     1   0.0000000    0       -4        1 
             26     1   0.0000000    0       -4        3 
             27     1   0.0000000    0       -4        5 
             28     1   0.0000000    0       -6        1 
             29     1   0.0000000    0       -6        3 
             30     1   0.0000000    0       -6        5 

 1000013  ~e_2-            ~e_2+              1  -3   0  500.00000    0.00000   50.00000    0.00000  0.00000e+00   1   0   0   1   0
              0     1   0.0000000  103  1000039       13 
              1     1   0.0000000    0 -1000024       14 
              2     1   0.0000000    0 -1000037       14 
              3     1   0.0000000    0  1000022       13 
              4     1   0.0000000    0  1000023       13 
              5     1   0.0000000    0  1000025       13 
              6     1   0.0000000    0  1000035       13 
              7     1   0.0000000    0  1000014      -24 
              8     1   0.0000000    0  2000014      -24 
              9     1   0.0000000    0  1000014      -37 
             10     1   0.0000000    0  2000014      -37 
             11     1   0.0000000    0       12       13 
             12     1   0.0000000    0       12       15 
             13     1   0.0000000    0       14       11 
             14     1   0.0000000    0       14       15 
             15     1   0.0000000    0       16       11 
             16     1   0.0000000    0       16       13 
             17     1   0.0000000    0      -12       11 
             18     1   0.0000000    0      -12       13 
             19     1   0.0000000    0      -12       15 
             20     1   0.0000000    0      -16       11 
             21     1   0.0000000    0      -16       13 
             22     1   0.0000000    0      -16       15 
             23     1   0.0000000    0       -2        1 
             24     1   0.0000000    0       -2        3 
             25     1   0.0000000    0       -2        5 
             26     1   0.0000000    0       -4        1 
             27     1   0.0000000    0       -4        3 
             28     1   0.0000000    0       -4        5 
             29     1   0.0000000    0       -6        1 
             30     1   0.0000000    0       -6        3 
             31     1   0.0000000    0       -6        5 

 1000015  ~e_3-            ~e_3+              1  -3   0  500.00000    0.00000   50.00000    0.00000  0.00000e+00   1   0   0   1   0
              0     1   0.0000000  103  1000039       15 
              1     1   0.0000000    0 -1000024       16 
              2     1   0.0000000    0 -1000037       16 
              3     1   0.0000000    0  1000022       15 
              4     1   0.0000000    0  1000023       15 
              5     1   0.0000000    0  1000025       15 
              6     1   0.0000000    0  1000035       15 
              7     1   0.0000000    0  1000016      -24 
              8     1   0.0000000    0  2000016      -24 
              9     1   0.0000000    0  1000016      -37 
             10     1   0.0000000    0  2000016      -37 
             11     1   0.0000000    0       12       13 
             12     1   0.0000000    0       12       15 
             13     1   0.0000000    0       14       11 
             14     1   0.0000000    0       14       15 
             15     1   0.0000000    0       16       11 
             16     1   0.0000000    0       16       13 
             17     1   0.0000000    0      -12       11 
             18     1   0.0000000    0      -12       13 
             19     1   0.0000000    0      -12       15 
             20     1   0.0000000    0      -14       11 
             21     1   0.0000000    0      -14       13 
             22     1   0.0000000    0      -14       15 
             23     1   0.0000000    0       -2        1 
             24     1   0.0000000    0       -2        3 
             25     1   0.0000000    0       -2        5 
             26     1   0.0000000    0       -4        1 
             27     1   0.0000000    0       -4        3 
             28     1   0.0000000    0       -4        5 
             29     1   0.0000000    0       -6        1 
             30     1   0.0000000    0       -6        3 
             31     1   0.0000000    0       -6        5 

 2000001  ~d_4             ~d_4bar            1  -1   1  500.00000    0.00000   50.00000    0.00000  0.00000e+00   1   0   0   1   0
              0     1   0.0000000  103  1000039        1 
              1     1   0.0000000  103  1000039        3 
              2     1   0.0000000  103  1000039        5 
              3     1   0.0000000    0  1000024        2 
              4     1   0.0000000    0  1000024        4 
              5     1   0.0000000    0  1000024        6 
              6     1   0.0000000    0  1000037        2 
              7     1   0.0000000    0  1000037        4 
              8     1   0.0000000    0  1000037        6 
              9     1   0.0000000    0  1000022        1 
             10     1   0.0000000    0  1000022        3 
             11     1   0.0000000    0  1000022        5 
             12     1   0.0000000    0  1000023        1 
             13     1   0.0000000    0  1000023        3 
             14     1   0.0000000    0  1000023        5 
             15     1   0.0000000    0  1000025        1 
             16     1   0.0000000    0  1000025        3 
             17     1   0.0000000    0  1000025        5 
             18     1   0.0000000    0  1000035        1 
             19     1   0.0000000    0  1000035        3 
             20     1   0.0000000    0  1000035        5 
             21     1   0.0000000    0  1000023        1 
             22     1   0.0000000    0  1000023        3 
             23     1   0.0000000    0  1000023        5 
             24     1   0.0000000    0  1000025        1 
             25     1   0.0000000    0  1000025        3 
             26     1   0.0000000    0  1000025        5 
             27     1   0.0000000    0  1000001       23 
             28     1   0.0000000    0  1000003       23 
             29     1   0.0000000    0  1000005       23 
             30     1   0.0000000    0  2000003       23 
             31     1   0.0000000    0  2000005       23 
             32     1   0.0000000    0  1000001       25 
             33     1   0.0000000    0  1000003       25 
             34     1   0.0000000    0  1000005       25 
             35     1   0.0000000    0  2000003       25 
             36     1   0.0000000    0  2000005       25 
             37     1   0.0000000    0  1000001       35 
             38     1   0.0000000    0  1000003       35 
             39     1   0.0000000    0  1000005       35 
             40     1   0.0000000    0  2000003       35 
             41     1   0.0000000    0  2000005       35 
             42     1   0.0000000    0  1000001       36 
             43     1   0.0000000    0  1000003       36 
             44     1   0.0000000    0  1000005       36 
             45     1   0.0000000    0  2000003       36 
             46     1   0.0000000    0  2000005       36 
             47     1   0.0000000    0  1000002      -24 
             48     1   0.0000000    0  1000004      -24 
             49     1   0.0000000    0  1000006      -24 
             50     1   0.0000000    0  2000002      -24 
             51     1   0.0000000    0  2000004      -24 
             52     1   0.0000000    0  2000006      -24 
             53     1   0.0000000    0  1000002      -37 
             54     1   0.0000000    0  1000004      -37 
             55     1   0.0000000    0  1000006      -37 
             56     1   0.0000000    0  2000002      -37 
             57     1   0.0000000    0  2000004      -37 
             58     1   0.0000000    0  2000006      -37 
             59     1   0.0000000    0  1000021        1 
             60     1   0.0000000    0  1000021        2 
             61     1   0.0000000    0  1000021        5 
             62     1   0.0000000    0      -12        1 
             63     1   0.0000000    0      -12        3 
             64     1   0.0000000    0      -12        5 
             65     1   0.0000000    0      -14        1 
             66     1   0.0000000    0      -14        3 
             67     1   0.0000000    0      -14        5 
             68     1   0.0000000    0      -16        1 
             69     1   0.0000000    0      -16        3 
             70     1   0.0000000    0      -16        5 
             71     1   0.0000000    0       12        1 
             72     1   0.0000000    0       11        2 
             73     1   0.0000000    0       12        3 
             74     1   0.0000000    0       11        4 
             75     1   0.0000000    0       12        5 
             76     1   0.0000000    0       11        6 
             77     1   0.0000000    0       14        1 
             78     1   0.0000000    0       13        2 
             79     1   0.0000000    0       14        3 
             80     1   0.0000000    0       13        4 
             81     1   0.0000000    0       14        5 
             82     1   0.0000000    0       13        6 
             83     1   0.0000000    0       16        1 
             84     1   0.0000000    0       15        2 
             85     1   0.0000000    0       16        3 
             86     1   0.0000000    0       15        4 
             87     1   0.0000000    0       16        5 
             88     1   0.0000000    0       15        6 
             89     1   0.0000000    0       -2       -3 
             90     1   0.0000000    0       -2       -5 
             91     1   0.0000000    0       -4       -3 
             92     1   0.0000000    0       -4       -5 
             93     1   0.0000000    0       -6       -3 
             94     1   0.0000000    0       -6       -5 

 2000002  ~u_4             ~u_4bar            1   2   1  500.00000    0.00000   50.00000    0.00000  0.00000e+00   1   0   0   1   0
              0     1   0.0000000  103  1000039        2 
              1     1   0.0000000  103  1000039        4 
              2     1   0.0000000  103  1000039        6 
              3     1   0.0000000    0  1000024        1 
              4     1   0.0000000    0  1000024        3 
              5     1   0.0000000    0  1000024        5 
              6     1   0.0000000    0  1000037        1 
              7     1   0.0000000    0  1000037        3 
              8     1   0.0000000    0  1000037        5 
              9     1   0.0000000    0  1000022        2 
             10     1   0.0000000    0  1000022        4 
             11     1   0.0000000    0  1000022        6 
             12     1   0.0000000    0  1000023        2 
             13     1   0.0000000    0  1000023        4 
             14     1   0.0000000    0  1000023        6 
             15     1   0.0000000    0  1000025        2 
             16     1   0.0000000    0  1000025        4 
             17     1   0.0000000    0  1000025        6 
             18     1   0.0000000    0  1000035        2 
             19     1   0.0000000    0  1000035        4 
             20     1   0.0000000    0  1000035        6 
             21     1   0.0000000    0  1000002       23 
             22     1   0.0000000    0  1000004       23 
             23     1   0.0000000    0  1000006       23 
             24     1   0.0000000    0  2000004       23 
             25     1   0.0000000    0  2000006       23 
             26     1   0.0000000    0  1000002       25 
             27     1   0.0000000    0  1000004       25 
             28     1   0.0000000    0  1000006       25 
             29     1   0.0000000    0  2000004       25 
             30     1   0.0000000    0  2000006       25 
             31     1   0.0000000    0  1000002       35 
             32     1   0.0000000    0  1000004       35 
             33     1   0.0000000    0  1000006       35 
             34     1   0.0000000    0  2000004       35 
             35     1   0.0000000    0  2000006       35 
             36     1   0.0000000    0  1000002       36 
             37     1   0.0000000    0  1000004       36 
             38     1   0.0000000    0  1000006       36 
             39     1   0.0000000    0  2000004       36 
             40     1   0.0000000    0  2000006       36 
             41     1   0.0000000    0  1000001      -24 
             42     1   0.0000000    0  1000003      -24 
             43     1   0.0000000    0  1000005      -24 
             44     1   0.0000000    0  2000001      -24 
             45     1   0.0000000    0  2000003      -24 
             46     1   0.0000000    0  2000005      -24 
             47     1   0.0000000    0  1000001      -37 
             48     1   0.0000000    0  1000003      -37 
             49     1   0.0000000    0  1000005      -37 
             50     1   0.0000000    0  2000001      -37 
             51     1   0.0000000    0  2000003      -37 
             52     1   0.0000000    0  2000005      -37 
             53     1   0.0000000    0  1000021        2 
             54     1   0.0000000    0  1000021        4 
             55     1   0.0000000    0  1000021        6 
             56     1   0.0000000    0      -11        1 
             57     1   0.0000000    0      -11        3 
             58     1   0.0000000    0      -11        5 
             59     1   0.0000000    0      -13        1 
             60     1   0.0000000    0      -13        3 
             61     1   0.0000000    0      -13        5 
             62     1   0.0000000    0      -15        1 
             63     1   0.0000000    0      -15        3 
             64     1   0.0000000    0      -15        5 
             65     1   0.0000000    0       -1       -3 
             66     1   0.0000000    0       -1       -5 
             67     1   0.0000000    0       -3       -5 

 2000003  ~d_5             ~d_5bar            1  -1   1  500.00000    0.00000   50.00000    0.00000  0.00000e+00   1   0   0   1   0
              0     1   0.0000000  103  1000039        1 
              1     1   0.0000000  103  1000039        3 
              2     1   0.0000000  103  1000039        5 
              3     1   0.0000000    0 -1000024        2 
              4     1   0.0000000    0 -1000037        2 
              5     1   0.0000000    0 -1000024        4 
              6     1   0.0000000    0 -1000037        4 
              7     1   0.0000000    0 -1000024        6 
              8     1   0.0000000    0 -1000037        6 
              9     1   0.0000000    0  1000022        1 
             10     1   0.0000000    0  1000022        3 
             11     1   0.0000000    0  1000022        5 
             12     1   0.0000000    0  1000023        1 
             13     1   0.0000000    0  1000023        3 
             14     1   0.0000000    0  1000023        5 
             15     1   0.0000000    0  1000025        1 
             16     1   0.0000000    0  1000025        3 
             17     1   0.0000000    0  1000025        5 
             18     1   0.0000000    0  1000035        1 
             19     1   0.0000000    0  1000035        3 
             20     1   0.0000000    0  1000035        5 
             21     1   0.0000000    0  1000023        1 
             22     1   0.0000000    0  1000023        3 
             23     1   0.0000000    0  1000023        5 
             24     1   0.0000000    0  1000025        1 
             25     1   0.0000000    0  1000025        3 
             26     1   0.0000000    0  1000025        5 
             27     1   0.0000000    0  1000001       23 
             28     1   0.0000000    0  1000003       23 
             29     1   0.0000000    0  1000005       23 
             30     1   0.0000000    0  2000001       23 
             31     1   0.0000000    0  2000005       23 
             32     1   0.0000000    0  1000001       25 
             33     1   0.0000000    0  1000003       25 
             34     1   0.0000000    0  1000005       25 
             35     1   0.0000000    0  2000001       25 
             36     1   0.0000000    0  2000005       25 
             37     1   0.0000000    0  1000001       35 
             38     1   0.0000000    0  1000003       35 
             39     1   0.0000000    0  1000005       35 
             40     1   0.0000000    0  2000001       35 
             41     1   0.0000000    0  2000005       35 
             42     1   0.0000000    0  1000001       36 
             43     1   0.0000000    0  1000003       36 
             44     1   0.0000000    0  1000005       36 
             45     1   0.0000000    0  2000001       36 
             46     1   0.0000000    0  2000005       36 
             47     1   0.0000000    0  1000002      -24 
             48     1   0.0000000    0  1000004      -24 
             49     1   0.0000000    0  1000006      -24 
             50     1   0.0000000    0  2000002      -24 
             51     1   0.0000000    0  2000004      -24 
             52     1   0.0000000    0  2000006      -24 
             53     1   0.0000000    0  1000002      -37 
             54     1   0.0000000    0  1000004      -37 
             55     1   0.0000000    0  1000006      -37 
             56     1   0.0000000    0  2000002      -37 
             57     1   0.0000000    0  2000004      -37 
             58     1   0.0000000    0  2000006      -37 
             59     1   0.0000000    0  1000021        1 
             60     1   0.0000000    0  1000021        2 
             61     1   0.0000000    0  1000021        5 
             62     1   0.0000000    0      -12        1 
             63     1   0.0000000    0      -12        3 
             64     1   0.0000000    0      -12        5 
             65     1   0.0000000    0      -14        1 
             66     1   0.0000000    0      -14        3 
             67     1   0.0000000    0      -14        5 
             68     1   0.0000000    0      -16        1 
             69     1   0.0000000    0      -16        3 
             70     1   0.0000000    0      -16        5 
             71     1   0.0000000    0       12        1 
             72     1   0.0000000    0       11        2 
             73     1   0.0000000    0       12        3 
             74     1   0.0000000    0       11        4 
             75     1   0.0000000    0       12        5 
             76     1   0.0000000    0       11        6 
             77     1   0.0000000    0       14        1 
             78     1   0.0000000    0       13        2 
             79     1   0.0000000    0       14        3 
             80     1   0.0000000    0       13        4 
             81     1   0.0000000    0       14        5 
             82     1   0.0000000    0       13        6 
             83     1   0.0000000    0       16        1 
             84     1   0.0000000    0       15        2 
             85     1   0.0000000    0       16        3 
             86     1   0.0000000    0       15        4 
             87     1   0.0000000    0       16        5 
             88     1   0.0000000    0       15        6 
             89     1   0.0000000    0       -2       -1 
             90     1   0.0000000    0       -2       -5 
             91     1   0.0000000    0       -4       -1 
             92     1   0.0000000    0       -4       -5 
             93     1   0.0000000    0       -6       -1 
             94     1   0.0000000    0       -6       -5 

 2000004  ~u_5             ~u_5bar            1   2   1  500.00000    0.00000   50.00000    0.00000  0.00000e+00   1   0   0   1   0
              0     1   0.0000000  103  1000039        2 
              1     1   0.0000000  103  1000039        4 
              2     1   0.0000000  103  1000039        6 
              3     1   0.0000000    0  1000024        1 
              4     1   0.0000000    0  1000024        3 
              5     1   0.0000000    0  1000024        5 
              6     1   0.0000000    0  1000037        1 
              7     1   0.0000000    0  1000037        3 
              8     1   0.0000000    0  1000037        5 
              9     1   0.0000000    0  1000022        2 
             10     1   0.0000000    0  1000022        4 
             11     1   0.0000000    0  1000022        6 
             12     1   0.0000000    0  1000023        2 
             13     1   0.0000000    0  1000023        4 
             14     1   0.0000000    0  1000023        6 
             15     1   0.0000000    0  1000025        2 
             16     1   0.0000000    0  1000025        4 
             17     1   0.0000000    0  1000025        6 
             18     1   0.0000000    0  1000035        2 
             19     1   0.0000000    0  1000035        4 
             20     1   0.0000000    0  1000035        6 
             21     1   0.0000000    0  1000002       23 
             22     1   0.0000000    0  1000004       23 
             23     1   0.0000000    0  1000006       23 
             24     1   0.0000000    0  2000002       23 
             25     1   0.0000000    0  2000006       23 
             26     1   0.0000000    0  1000002       25 
             27     1   0.0000000    0  1000004       25 
             28     1   0.0000000    0  1000006       25 
             29     1   0.0000000    0  2000002       25 
             30     1   0.0000000    0  2000006       25 
             31     1   0.0000000    0  1000002       35 
             32     1   0.0000000    0  1000004       35 
             33     1   0.0000000    0  1000006       35 
             34     1   0.0000000    0  2000002       35 
             35     1   0.0000000    0  2000006       35 
             36     1   0.0000000    0  1000002       36 
             37     1   0.0000000    0  1000004       36 
             38     1   0.0000000    0  1000006       36 
             39     1   0.0000000    0  2000002       36 
             40     1   0.0000000    0  2000006       36 
             41     1   0.0000000    0  1000001      -24 
             42     1   0.0000000    0  1000003      -24 
             43     1   0.0000000    0  1000005      -24 
             44     1   0.0000000    0  2000001      -24 
             45     1   0.0000000    0  2000003      -24 
             46     1   0.0000000    0  2000005      -24 
             47     1   0.0000000    0  1000001      -37 
             48     1   0.0000000    0  1000003      -37 
             49     1   0.0000000    0  1000005      -37 
             50     1   0.0000000    0  2000001      -37 
             51     1   0.0000000    0  2000003      -37 
             52     1   0.0000000    0  2000005      -37 
             53     1   0.0000000    0  1000021        2 
             54     1   0.0000000    0  1000021        4 
             55     1   0.0000000    0  1000021        6 
             56     1   0.0000000    0      -11        1 
             57     1   0.0000000    0      -11        3 
             58     1   0.0000000    0      -11        5 
             59     1   0.0000000    0      -13        1 
             60     1   0.0000000    0      -13        3 
             61     1   0.0000000    0      -13        5 
             62     1   0.0000000    0      -15        1 
             63     1   0.0000000    0      -15        3 
             64     1   0.0000000    0      -15        5 
             65     1   0.0000000    0       -1       -3 
             66     1   0.0000000    0       -1       -5 
             67     1   0.0000000    0       -3       -5 

 2000005  ~d_6             ~d_6bar            1  -1   1  500.00000    0.00000   50.00000    0.00000  0.00000e+00   1   0   0   1   0
              0     1   0.0000000  103  1000039        1 
              1     1   0.0000000  103  1000039        3 
              2     1   0.0000000  103  1000039        5 
              3     1   0.0000000    0 -1000024        2 
              4     1   0.0000000    0 -1000037        2 
              5     1   0.0000000    0 -1000024        4 
              6     1   0.0000000    0 -1000037        4 
              7     1   0.0000000    0 -1000024        6 
              8     1   0.0000000    0 -1000037        6 
              9     1   0.0000000    0  1000022        1 
             10     1   0.0000000    0  1000022        3 
             11     1   0.0000000    0  1000022        5 
             12     1   0.0000000    0  1000023        1 
             13     1   0.0000000    0  1000023        3 
             14     1   0.0000000    0  1000023        5 
             15     1   0.0000000    0  1000025        1 
             16     1   0.0000000    0  1000025        3 
             17     1   0.0000000    0  1000025        5 
             18     1   0.0000000    0  1000035        1 
             19     1   0.0000000    0  1000035        3 
             20     1   0.0000000    0  1000035        5 
             21     1   0.0000000    0  1000023        1 
             22     1   0.0000000    0  1000023        3 
             23     1   0.0000000    0  1000023        5 
             24     1   0.0000000    0  1000025        1 
             25     1   0.0000000    0  1000025        3 
             26     1   0.0000000    0  1000025        5 
             27     1   0.0000000    0  1000001       23 
             28     1   0.0000000    0  1000003       23 
             29     1   0.0000000    0  1000005       23 
             30     1   0.0000000    0  2000001       23 
             31     1   0.0000000    0  2000003       23 
             32     1   0.0000000    0  1000001       25 
             33     1   0.0000000    0  1000003       25 
             34     1   0.0000000    0  1000005       25 
             35     1   0.0000000    0  2000001       25 
             36     1   0.0000000    0  2000003       25 
             37     1   0.0000000    0  1000001       35 
             38     1   0.0000000    0  1000003       35 
             39     1   0.0000000    0  1000005       35 
             40     1   0.0000000    0  2000001       35 
             41     1   0.0000000    0  2000003       35 
             42     1   0.0000000    0  1000001       36 
             43     1   0.0000000    0  1000003       36 
             44     1   0.0000000    0  1000005       36 
             45     1   0.0000000    0  2000001       36 
             46     1   0.0000000    0  2000003       36 
             47     1   0.0000000    0  1000002      -24 
             48     1   0.0000000    0  1000004      -24 
             49     1   0.0000000    0  1000006      -24 
             50     1   0.0000000    0  2000002      -24 
             51     1   0.0000000    0  2000004      -24 
             52     1   0.0000000    0  2000006      -24 
             53     1   0.0000000    0  1000002      -37 
             54     1   0.0000000    0  1000004      -37 
             55     1   0.0000000    0  1000006      -37 
             56     1   0.0000000    0  2000002      -37 
             57     1   0.0000000    0  2000004      -37 
             58     1   0.0000000    0  2000006      -37 
             59     1   0.0000000    0  1000021        1 
             60     1   0.0000000    0  1000021        2 
             61     1   0.0000000    0  1000021        5 
             62     1   0.0000000    0      -12        1 
             63     1   0.0000000    0      -12        3 
             64     1   0.0000000    0      -12        5 
             65     1   0.0000000    0      -14        1 
             66     1   0.0000000    0      -14        3 
             67     1   0.0000000    0      -14        5 
             68     1   0.0000000    0      -16        1 
             69     1   0.0000000    0      -16        3 
             70     1   0.0000000    0      -16        5 
             71     1   0.0000000    0       12        1 
             72     1   0.0000000    0       11        2 
             73     1   0.0000000    0       12        3 
             74     1   0.0000000    0       11        4 
             75     1   0.0000000    0       12        5 
             76     1   0.0000000    0       11        6 
             77     1   0.0000000    0       14        1 
             78     1   0.0000000    0       13        2 
             79     1   0.0000000    0       14        3 
             80     1   0.0000000    0       13        4 
             81     1   0.0000000    0       14        5 
             82     1   0.0000000    0       13        6 
             83     1   0.0000000    0       16        1 
             84     1   0.0000000    0       15        2 
             85     1   0.0000000    0       16        3 
             86     1   0.0000000    0       15        4 
             87     1   0.0000000    0       16        5 
             88     1   0.0000000    0       15        6 
             89     1   0.0000000    0       -2       -1 
             90     1   0.0000000    0       -2       -3 
             91     1   0.0000000    0       -4       -1 
             92     1   0.0000000    0       -4       -3 
             93     1   0.0000000    0       -6       -1 
             94     1   0.0000000    0       -6       -3 

 2000006  ~u_6             ~u_6bar            1   2   1  500.00000    0.00000   50.00000    0.00000  0.00000e+00   1   0   0   1   0
              0     1   0.0000000  103  1000039        2 
              1     1   0.0000000  103  1000039        4 
              2     1   0.0000000  103  1000039        6 
              3     1   0.0000000    0  1000024        1 
              4     1   0.0000000    0  1000024        3 
              5     1   0.0000000    0  1000024        5 
              6     1   0.0000000    0  1000037        1 
              7     1   0.0000000    0  1000037        3 
              8     1   0.0000000    0  1000037        5 
              9     1   0.0000000    0  1000022        2 
             10     1   0.0000000    0  1000022        4 
             11     1   0.0000000    0  1000022        6 
             12     1   0.0000000    0  1000023        2 
             13     1   0.0000000    0  1000023        4 
             14     1   0.0000000    0  1000023        6 
             15     1   0.0000000    0  1000025        2 
             16     1   0.0000000    0  1000025        4 
             17     1   0.0000000    0  1000025        6 
             18     1   0.0000000    0  1000035        2 
             19     1   0.0000000    0  1000035        4 
             20     1   0.0000000    0  1000035        6 
             21     1   0.0000000    0  1000002       23 
             22     1   0.0000000    0  1000004       23 
             23     1   0.0000000    0  1000006       23 
             24     1   0.0000000    0  2000002       23 
             25     1   0.0000000    0  2000004       23 
             26     1   0.0000000    0  1000002       25 
             27     1   0.0000000    0  1000004       25 
             28     1   0.0000000    0  1000006       25 
             29     1   0.0000000    0  2000002       25 
             30     1   0.0000000    0  2000004       25 
             31     1   0.0000000    0  1000002       35 
             32     1   0.0000000    0  1000004       35 
             33     1   0.0000000    0  1000006       35 
             34     1   0.0000000    0  2000002       35 
             35     1   0.0000000    0  2000004       35 
             36     1   0.0000000    0  1000002       36 
             37     1   0.0000000    0  1000004       36 
             38     1   0.0000000    0  1000006       36 
             39     1   0.0000000    0  2000002       36 
             40     1   0.0000000    0  2000004       36 
             41     1   0.0000000    0  1000001      -24 
             42     1   0.0000000    0  1000003      -24 
             43     1   0.0000000    0  1000005      -24 
             44     1   0.0000000    0  2000001      -24 
             45     1   0.0000000    0  2000003      -24 
             46     1   0.0000000    0  2000005      -24 
             47     1   0.0000000    0  1000001      -37 
             48     1   0.0000000    0  1000003      -37 
             49     1   0.0000000    0  1000005      -37 
             50     1   0.0000000    0  2000001      -37 
             51     1   0.0000000    0  2000003      -37 
             52     1   0.0000000    0  2000005      -37 
             53     1   0.0000000    0  1000021        2 
             54     1   0.0000000    0  1000021        4 
             55     1   0.0000000    0  1000021        6 
             56     1   0.0000000    0      -11        1 
             57     1   0.0000000    0      -11        3 
             58     1   0.0000000    0      -11        5 
             59     1   0.0000000    0      -13        1 
             60     1   0.0000000    0      -13        3 
             61     1   0.0000000    0      -13        5 
             62     1   0.0000000    0      -15        1 
             63     1   0.0000000    0      -15        3 
             64     1   0.0000000    0      -15        5 
             65     1   0.0000000    0       -1       -3 
             66     1   0.0000000    0       -1       -5 
             67     1   0.0000000    0       -3       -5 

 2000011  ~e_4-            ~e_4+              1  -3   0  500.00000    0.00000   50.00000    0.00000  0.00000e+00   1   0   0   1   0
              0     1   0.0000000  103  1000039       11 
              1     1   0.0000000    0 -1000024       12 
              2     1   0.0000000    0 -1000037       12 
              3     1   0.0000000    0  1000022       11 
              4     1   0.0000000    0  1000023       11 
              5     1   0.0000000    0  1000025       11 
              6     1   0.0000000    0  1000035       11 
              7     1   0.0000000    0  1000011       23 
              8     1   0.0000000    0  1000011       25 
              9     1   0.0000000    0  1000011       35 
             10     1   0.0000000    0  1000011       36 
             11     1   0.0000000    0  1000012      -24 
             12     1   0.0000000    0  2000012      -24 
             13     1   0.0000000    0  1000012      -37 
             14     1   0.0000000    0  2000012      -37 
             15     1   0.0000000    0       12       13 
             16     1   0.0000000    0       12       15 
             17     1   0.0000000    0       14       11 
             18     1   0.0000000    0       14       15 
             19     1   0.0000000    0       16       11 
             20     1   0.0000000    0       16       13 
             21     1   0.0000000    0      -14       11 
             22     1   0.0000000    0      -14       13 
             23     1   0.0000000    0      -14       15 
             24     1   0.0000000    0      -16       11 
             25     1   0.0000000    0      -16       13 
             26     1   0.0000000    0      -16       15 
             27     1   0.0000000    0       -2        1 
             28     1   0.0000000    0       -2        3 
             29     1   0.0000000    0       -2        5 
             30     1   0.0000000    0       -4        1 
             31     1   0.0000000    0       -4        3 
             32     1   0.0000000    0       -4        5 
             33     1   0.0000000    0       -6        1 
             34     1   0.0000000    0       -6        3 
             35     1   0.0000000    0       -6        5 

 2000013  ~e_5-            ~e_5+              1  -3   0  500.00000    0.00000   50.00000    0.00000  0.00000e+00   1   0   0   1   0
              0     1   0.0000000  103  1000039       13 
              1     1   0.0000000    0 -1000024       14 
              2     1   0.0000000    0 -1000037       14 
              3     1   0.0000000    0  1000022       13 
              4     1   0.0000000    0  1000023       13 
              5     1   0.0000000    0  1000025       13 
              6     1   0.0000000    0  1000035       13 
              7     1   0.0000000    0  1000013       23 
              8     1   0.0000000    0  1000013       25 
              9     1   0.0000000    0  1000013       35 
             10     1   0.0000000    0  1000013       36 
             11     1   0.0000000    0  1000014      -24 
             12     1   0.0000000    0  2000014      -24 
             13     1   0.0000000    0  1000014      -37 
             14     1   0.0000000    0  2000014      -37 
             15     1   0.0000000    0       12       13 
             16     1   0.0000000    0       12       15 
             17     1   0.0000000    0       14       11 
             18     1   0.0000000    0       14       15 
             19     1   0.0000000    0       16       11 
             20     1   0.0000000    0       16       13 
             21     1   0.0000000    0      -12       11 
             22     1   0.0000000    0      -12       13 
             23     1   0.0000000    0      -12       15 
             24     1   0.0000000    0      -16       11 
             25     1   0.0000000    0      -16       13 
             26     1   0.0000000    0      -16       15 
             27     1   0.0000000    0       -2        1 
             28     1   0.0000000    0       -2        3 
             29     1   0.0000000    0       -2        5 
             30     1   0.0000000    0       -4        1 
             31     1   0.0000000    0       -4        3 
             32     1   0.0000000    0       -4        5 
             33     1   0.0000000    0       -6        1 
             34     1   0.0000000    0       -6        3 
             35     1   0.0000000    0       -6        5 

 2000015  ~e_6-            ~e_6+              1  -3   0  500.00000    0.00000   50.00000    0.00000  0.00000e+00   1   0   0   1   0
              0     1   0.0000000  103  1000039       15 
              1     1   0.0000000    0 -1000024       16 
              2     1   0.0000000    0 -1000037       16 
              3     1   0.0000000    0  1000022       15 
              4     1   0.0000000    0  1000023       15 
              5     1   0.0000000    0  1000025       15 
              6     1   0.0000000    0  1000035       15 
              7     1   0.0000000    0  1000015       23 
              8     1   0.0000000    0  1000015       25 
              9     1   0.0000000    0  1000015       35 
             10     1   0.0000000    0  1000015       36 
             11     1   0.0000000    0  1000016      -24 
             12     1   0.0000000    0  2000016      -24 
             13     1   0.0000000    0  1000016      -37 
             14     1   0.0000000    0  2000016      -37 
             15     1   0.0000000    0       12       13 
             16     1   0.0000000    0       12       15 
             17     1   0.0000000    0       14       11 
             18     1   0.0000000    0       14       15 
             19     1   0.0000000    0       16       11 
             20     1   0.0000000    0       16       13 
             21     1   0.0000000    0      -12       11 
             22     1   0.0000000    0      -12       13 
             23     1   0.0000000    0      -12       15 
             24     1   0.0000000    0      -14       11 
             25     1   0.0000000    0      -14       13 
             26     1   0.0000000    0      -14       15 
             27     1   0.0000000    0       -2        1 
             28     1   0.0000000    0       -2        3 
             29     1   0.0000000    0       -2        5 
             30     1   0.0000000    0       -4        1 
             31     1   0.0000000    0       -4        3 
             32     1   0.0000000    0       -4        5 
             33     1   0.0000000    0       -6        1 
             34     1   0.0000000    0       -6        3 
             35     1   0.0000000    0       -6        5 

 --------  End PYTHIA Particle Data Table  -----------------------------------------------------------------------------------------


 *-------  PYTHIA Flag + Mode + Parm + Word + FVec + MVec + PVec + WVec Settings (changes only)  ------------------* 
 |                                                                                                                 | 
 | Name                                          |                      Now |      Default         Min         Max | 
 |                                               |                          |                                      | 
 | Next:numberShowEvent                          |                        0 |            1           0             | 
 | ProcessLevel:all                              |                      off |           on                         | 
 |                                                                                                                 | 
 *-------  End PYTHIA Flag + Mode + Parm + Word + FVec + MVec + PVec + WVec Settings  -----------------------------* 

 --------  PYTHIA Particle Data Table (changed only)  ------------------------------------------------------------------------------
 
      id   name            antiName         spn chg col      m0        mWidth      mMin       mMax       tau0    res dec ext vis wid
             no onMode   bRatio   meMode     products 

 no particle data has been changed from its default value 

 --------  End PYTHIA Particle Data Table  -----------------------------------------------------------------------------------------


 --------  LHA event information and listing  ---------------------------------------------------------------------- 

    process =        1    weight =   1.5235e-02     scale =   9.1111e+02 (GeV) 
                        alpha_em =   7.8186e-03    alpha_strong =   9.4118e-02

    Participating Particles 
    no        id stat     mothers     colours      p_x        p_y        p_z         e          m        tau    spin 
     1         2   -1     0     0   501     0      0.000      0.000   1012.774   1012.774      0.000   0.000  -1.000
     2        -2   -1     0     0     0   501     -0.000     -0.000   -204.913    204.913      0.000   0.000   1.000
     3      -556    1     1     2     0     0   -259.770    -38.567    -15.655    330.474    200.000   0.000   1.000
     4       556    1     1     2     0     0    259.770     38.567    823.516    887.213    200.000   0.000  -1.000

 --------  End LHA event information and listing  ------------------------------------------------------------------ 

 --------  PYTHIA Info Listing  ---------------------------------------- 
 
 Beam A: id =   2212, pz =  6.500e+03, e =  6.500e+03, m =  9.383e-01.
 Beam B: id =   2212, pz = -6.500e+03, e =  6.500e+03, m =  9.383e-01.

 In 1: id =    2, x =  1.558e-01, pdf =  0.000e+00 at Q2 =  8.301e+05.
 In 2: id =   -2, x =  3.153e-02, pdf =  0.000e+00 at same Q2.

 Process Les Houches User Process(es) with code 9999 is 2 -> 2.
 Subprocess user process 1 with code 1 is 2 -> 2.
 It has sHat =  8.301e+05,    tHat = -6.611e+05,    uHat = -8.902e+04,
       pTHat =  2.626e+02,   m3Hat =  2.000e+02,   m4Hat =  2.000e+02,
    thetaHat =  2.445e+00,  phiHat = -2.994e+00.
     alphaEM =  7.819e-03,  alphaS =  9.412e-02    at Q2 =  8.301e+05.

 Impact parameter b =  1.162e+00 gives enhancement factor =  3.566e-01.
 Max pT scale for MPI =  1.300e+04, ISR =  1.300e+04, FSR =  1.300e+04.
 Number of MPI =     1, ISR =     5, FSRproc =    21, FSRreson =     0.

 --------  End PYTHIA Info Listing  ------------------------------------

 --------  PYTHIA Event Listing  (hard process)  -----------------------------------------------------------------------------------
 
    no         id  name            status     mothers   daughters     colours      p_x        p_y        p_z         e          m 
     0         90  (system)           -11     0     0     0     0     0     0      0.000      0.000      0.000  13000.000  13000.000
     1       2212  (p+)               -12     0     0     3     0     0     0      0.000      0.000   6500.000   6500.000      0.938
     2       2212  (p+)               -12     0     0     4     0     0     0      0.000      0.000  -6500.000   6500.000      0.938
     3          2  (u)                -21     1     0     5     6   501     0      0.000      0.000   1012.774   1012.774      0.000
     4         -2  (ubar)             -21     2     0     5     6     0   501     -0.000     -0.000   -204.913    204.913      0.000
     5       -556  lwe+                23     3     4     0     0     0     0   -259.770    -38.567    -15.655    330.474    200.000
     6        556  lwe-                23     3     4     0     0     0     0    259.770     38.567    823.516    887.213    200.000
                                   Charge sum:  0.000           Momentum sum:      0.000      0.000    807.861   1217.686    911.110

 --------  End PYTHIA Event Listing  -----------------------------------------------------------------------------------------------

 *-------  PYTHIA Event and Cross Section Statistics  -------------------------------------------------------------*
 |                                                                                                                 |
 | Subprocess                                    Code |            Number of events       |      sigma +- delta    |
 |                                                    |       Tried   Selected   Accepted |     (estimated) (mb)   |
 |                                                    |                                   |                        |
 |-----------------------------------------------------------------------------------------------------------------|
 |                                                    |                                   |                        |
 | Les Houches User Process(es)                  9999 |          10         10         10 |   1.524e-11  0.000e+00 |
 |    ... whereof user classification code          1 |          10         10         10 |                        | 
 |                                                    |                                   |                        |
 | sum                                                |          10         10         10 |   1.524e-11  0.000e+00 |
 |                                                                                                                 |
 *-------  End PYTHIA Event and Cross Section Statistics ----------------------------------------------------------*

 *-------  PYTHIA Error and Warning Messages Statistics  ----------------------------------------------------------* 
 |                                                                                                                 | 
 |  times   message                                                                                                | 
 |                                                                                                                 | 
 |      1   Info from SLHAinterface::initSLHA: No MODSEL found, keeping internal SUSY switched off                 | 
 |      1   Info from SLHAinterface::initSLHA: importing MASS entries                                              | 
 |      1   Warning in SLHAinterface::initSLHA: ignoring DECAY tables                                              | 
 |      1   Warning in SLHAinterface::initSLHA: ignoring MASS entries                                              | 
 |      1   Warning in SLHAinterface::initSLHA: ignoring QNUMBERS                                                  | 
 |      1   Warning in SLHAinterface::initSLHA: ignoring empty DECAY tables                                        | 
 |                                                                                                                 | 
 *-------  End PYTHIA Error and Warning Messages Statistics  ------------------------------------------------------* 
